{"C:\\Users\\Mo\\Desktop\\Property Pro Lite\\Property-Pro-Lite\\Server\\src\\test\\apptest.js":{"path":"C:\\Users\\Mo\\Desktop\\Property Pro Lite\\Property-Pro-Lite\\Server\\src\\test\\apptest.js","statementMap":{"0":{"start":{"line":3,"column":12},"end":{"line":3,"column":51}},"1":{"start":{"line":5,"column":16},"end":{"line":5,"column":60}},"2":{"start":{"line":7,"column":12},"end":{"line":7,"column":51}},"3":{"start":{"line":9,"column":11},"end":{"line":9,"column":52}},"4":{"start":{"line":11,"column":39},"end":{"line":11,"column":95}},"5":{"start":{"line":14,"column":0},"end":{"line":14,"column":43}},"6":{"start":{"line":16,"column":0},"end":{"line":16,"column":26}},"7":{"start":{"line":20,"column":0},"end":{"line":30,"column":3}},"8":{"start":{"line":21,"column":2},"end":{"line":29,"column":5}},"9":{"start":{"line":22,"column":4},"end":{"line":28,"column":7}},"10":{"start":{"line":23,"column":6},"end":{"line":27,"column":9}},"11":{"start":{"line":24,"column":8},"end":{"line":24,"column":34}},"12":{"start":{"line":24,"column":17},"end":{"line":24,"column":34}},"13":{"start":{"line":25,"column":8},"end":{"line":25,"column":39}},"14":{"start":{"line":26,"column":8},"end":{"line":26,"column":15}},"15":{"start":{"line":31,"column":0},"end":{"line":77,"column":3}},"16":{"start":{"line":32,"column":2},"end":{"line":76,"column":5}},"17":{"start":{"line":33,"column":4},"end":{"line":56,"column":7}},"18":{"start":{"line":34,"column":6},"end":{"line":55,"column":9}},"19":{"start":{"line":42,"column":8},"end":{"line":42,"column":34}},"20":{"start":{"line":42,"column":17},"end":{"line":42,"column":34}},"21":{"start":{"line":43,"column":8},"end":{"line":43,"column":36}},"22":{"start":{"line":44,"column":8},"end":{"line":44,"column":40}},"23":{"start":{"line":45,"column":8},"end":{"line":45,"column":52}},"24":{"start":{"line":46,"column":8},"end":{"line":46,"column":45}},"25":{"start":{"line":47,"column":8},"end":{"line":47,"column":55}},"26":{"start":{"line":48,"column":8},"end":{"line":48,"column":60}},"27":{"start":{"line":49,"column":8},"end":{"line":49,"column":59}},"28":{"start":{"line":50,"column":8},"end":{"line":50,"column":50}},"29":{"start":{"line":51,"column":8},"end":{"line":51,"column":50}},"30":{"start":{"line":52,"column":8},"end":{"line":52,"column":52}},"31":{"start":{"line":53,"column":8},"end":{"line":53,"column":40}},"32":{"start":{"line":54,"column":8},"end":{"line":54,"column":15}},"33":{"start":{"line":57,"column":4},"end":{"line":75,"column":7}},"34":{"start":{"line":58,"column":6},"end":{"line":74,"column":9}},"35":{"start":{"line":62,"column":8},"end":{"line":62,"column":34}},"36":{"start":{"line":62,"column":17},"end":{"line":62,"column":34}},"37":{"start":{"line":63,"column":8},"end":{"line":63,"column":36}},"38":{"start":{"line":64,"column":8},"end":{"line":64,"column":40}},"39":{"start":{"line":65,"column":8},"end":{"line":65,"column":52}},"40":{"start":{"line":66,"column":8},"end":{"line":66,"column":45}},"41":{"start":{"line":67,"column":8},"end":{"line":67,"column":55}},"42":{"start":{"line":68,"column":8},"end":{"line":68,"column":60}},"43":{"start":{"line":69,"column":8},"end":{"line":69,"column":59}},"44":{"start":{"line":70,"column":8},"end":{"line":70,"column":50}},"45":{"start":{"line":71,"column":8},"end":{"line":71,"column":50}},"46":{"start":{"line":72,"column":8},"end":{"line":72,"column":52}},"47":{"start":{"line":73,"column":8},"end":{"line":73,"column":15}},"48":{"start":{"line":79,"column":0},"end":{"line":233,"column":3}},"49":{"start":{"line":80,"column":2},"end":{"line":232,"column":5}},"50":{"start":{"line":81,"column":4},"end":{"line":98,"column":7}},"51":{"start":{"line":82,"column":6},"end":{"line":97,"column":9}},"52":{"start":{"line":83,"column":8},"end":{"line":83,"column":27}},"53":{"start":{"line":83,"column":17},"end":{"line":83,"column":27}},"54":{"start":{"line":84,"column":8},"end":{"line":84,"column":36}},"55":{"start":{"line":85,"column":8},"end":{"line":85,"column":40}},"56":{"start":{"line":86,"column":8},"end":{"line":86,"column":52}},"57":{"start":{"line":87,"column":8},"end":{"line":87,"column":45}},"58":{"start":{"line":88,"column":8},"end":{"line":88,"column":50}},"59":{"start":{"line":89,"column":8},"end":{"line":89,"column":49}},"60":{"start":{"line":90,"column":8},"end":{"line":90,"column":52}},"61":{"start":{"line":91,"column":8},"end":{"line":91,"column":49}},"62":{"start":{"line":92,"column":8},"end":{"line":92,"column":51}},"63":{"start":{"line":93,"column":8},"end":{"line":93,"column":50}},"64":{"start":{"line":94,"column":8},"end":{"line":94,"column":47}},"65":{"start":{"line":95,"column":8},"end":{"line":95,"column":54}},"66":{"start":{"line":96,"column":8},"end":{"line":96,"column":15}},"67":{"start":{"line":99,"column":4},"end":{"line":116,"column":7}},"68":{"start":{"line":100,"column":6},"end":{"line":115,"column":9}},"69":{"start":{"line":101,"column":8},"end":{"line":101,"column":27}},"70":{"start":{"line":101,"column":17},"end":{"line":101,"column":27}},"71":{"start":{"line":102,"column":8},"end":{"line":102,"column":36}},"72":{"start":{"line":103,"column":8},"end":{"line":103,"column":40}},"73":{"start":{"line":104,"column":8},"end":{"line":104,"column":52}},"74":{"start":{"line":105,"column":8},"end":{"line":105,"column":45}},"75":{"start":{"line":106,"column":8},"end":{"line":106,"column":50}},"76":{"start":{"line":107,"column":8},"end":{"line":107,"column":49}},"77":{"start":{"line":108,"column":8},"end":{"line":108,"column":52}},"78":{"start":{"line":109,"column":8},"end":{"line":109,"column":49}},"79":{"start":{"line":110,"column":8},"end":{"line":110,"column":51}},"80":{"start":{"line":111,"column":8},"end":{"line":111,"column":50}},"81":{"start":{"line":112,"column":8},"end":{"line":112,"column":47}},"82":{"start":{"line":113,"column":8},"end":{"line":113,"column":54}},"83":{"start":{"line":114,"column":8},"end":{"line":114,"column":15}},"84":{"start":{"line":118,"column":4},"end":{"line":135,"column":7}},"85":{"start":{"line":119,"column":6},"end":{"line":134,"column":9}},"86":{"start":{"line":120,"column":8},"end":{"line":120,"column":27}},"87":{"start":{"line":120,"column":17},"end":{"line":120,"column":27}},"88":{"start":{"line":121,"column":8},"end":{"line":121,"column":36}},"89":{"start":{"line":122,"column":8},"end":{"line":122,"column":40}},"90":{"start":{"line":123,"column":8},"end":{"line":123,"column":52}},"91":{"start":{"line":124,"column":8},"end":{"line":124,"column":45}},"92":{"start":{"line":125,"column":8},"end":{"line":125,"column":50}},"93":{"start":{"line":126,"column":8},"end":{"line":126,"column":49}},"94":{"start":{"line":127,"column":8},"end":{"line":127,"column":52}},"95":{"start":{"line":128,"column":8},"end":{"line":128,"column":49}},"96":{"start":{"line":129,"column":8},"end":{"line":129,"column":51}},"97":{"start":{"line":130,"column":8},"end":{"line":130,"column":50}},"98":{"start":{"line":131,"column":8},"end":{"line":131,"column":47}},"99":{"start":{"line":132,"column":8},"end":{"line":132,"column":54}},"100":{"start":{"line":133,"column":8},"end":{"line":133,"column":15}},"101":{"start":{"line":136,"column":4},"end":{"line":154,"column":7}},"102":{"start":{"line":137,"column":6},"end":{"line":153,"column":9}},"103":{"start":{"line":138,"column":8},"end":{"line":138,"column":27}},"104":{"start":{"line":138,"column":17},"end":{"line":138,"column":27}},"105":{"start":{"line":139,"column":8},"end":{"line":139,"column":52}},"106":{"start":{"line":140,"column":8},"end":{"line":140,"column":36}},"107":{"start":{"line":141,"column":8},"end":{"line":141,"column":40}},"108":{"start":{"line":142,"column":8},"end":{"line":142,"column":50}},"109":{"start":{"line":143,"column":8},"end":{"line":143,"column":54}},"110":{"start":{"line":144,"column":8},"end":{"line":144,"column":53}},"111":{"start":{"line":145,"column":8},"end":{"line":145,"column":52}},"112":{"start":{"line":146,"column":8},"end":{"line":146,"column":52}},"113":{"start":{"line":147,"column":8},"end":{"line":147,"column":55}},"114":{"start":{"line":148,"column":8},"end":{"line":148,"column":57}},"115":{"start":{"line":149,"column":8},"end":{"line":149,"column":53}},"116":{"start":{"line":150,"column":8},"end":{"line":150,"column":59}},"117":{"start":{"line":151,"column":8},"end":{"line":151,"column":66}},"118":{"start":{"line":152,"column":8},"end":{"line":152,"column":15}},"119":{"start":{"line":155,"column":4},"end":{"line":173,"column":7}},"120":{"start":{"line":156,"column":6},"end":{"line":172,"column":9}},"121":{"start":{"line":157,"column":8},"end":{"line":157,"column":27}},"122":{"start":{"line":157,"column":17},"end":{"line":157,"column":27}},"123":{"start":{"line":158,"column":8},"end":{"line":158,"column":52}},"124":{"start":{"line":159,"column":8},"end":{"line":159,"column":36}},"125":{"start":{"line":160,"column":8},"end":{"line":160,"column":40}},"126":{"start":{"line":161,"column":8},"end":{"line":161,"column":50}},"127":{"start":{"line":162,"column":8},"end":{"line":162,"column":54}},"128":{"start":{"line":163,"column":8},"end":{"line":163,"column":53}},"129":{"start":{"line":164,"column":8},"end":{"line":164,"column":52}},"130":{"start":{"line":165,"column":8},"end":{"line":165,"column":52}},"131":{"start":{"line":166,"column":8},"end":{"line":166,"column":55}},"132":{"start":{"line":167,"column":8},"end":{"line":167,"column":57}},"133":{"start":{"line":168,"column":8},"end":{"line":168,"column":53}},"134":{"start":{"line":169,"column":8},"end":{"line":169,"column":59}},"135":{"start":{"line":170,"column":8},"end":{"line":170,"column":66}},"136":{"start":{"line":171,"column":8},"end":{"line":171,"column":15}},"137":{"start":{"line":175,"column":4},"end":{"line":193,"column":7}},"138":{"start":{"line":176,"column":6},"end":{"line":192,"column":9}},"139":{"start":{"line":177,"column":8},"end":{"line":177,"column":27}},"140":{"start":{"line":177,"column":17},"end":{"line":177,"column":27}},"141":{"start":{"line":178,"column":8},"end":{"line":178,"column":52}},"142":{"start":{"line":179,"column":8},"end":{"line":179,"column":36}},"143":{"start":{"line":180,"column":8},"end":{"line":180,"column":40}},"144":{"start":{"line":181,"column":8},"end":{"line":181,"column":47}},"145":{"start":{"line":182,"column":8},"end":{"line":182,"column":51}},"146":{"start":{"line":183,"column":8},"end":{"line":183,"column":50}},"147":{"start":{"line":184,"column":8},"end":{"line":184,"column":49}},"148":{"start":{"line":185,"column":8},"end":{"line":185,"column":49}},"149":{"start":{"line":186,"column":8},"end":{"line":186,"column":52}},"150":{"start":{"line":187,"column":8},"end":{"line":187,"column":54}},"151":{"start":{"line":188,"column":8},"end":{"line":188,"column":50}},"152":{"start":{"line":189,"column":8},"end":{"line":189,"column":56}},"153":{"start":{"line":190,"column":8},"end":{"line":190,"column":63}},"154":{"start":{"line":191,"column":8},"end":{"line":191,"column":15}},"155":{"start":{"line":195,"column":4},"end":{"line":205,"column":7}},"156":{"start":{"line":196,"column":6},"end":{"line":204,"column":9}},"157":{"start":{"line":197,"column":8},"end":{"line":197,"column":53}},"158":{"start":{"line":198,"column":8},"end":{"line":198,"column":36}},"159":{"start":{"line":199,"column":8},"end":{"line":199,"column":40}},"160":{"start":{"line":200,"column":8},"end":{"line":200,"column":46}},"161":{"start":{"line":201,"column":8},"end":{"line":201,"column":46}},"162":{"start":{"line":202,"column":8},"end":{"line":202,"column":63}},"163":{"start":{"line":203,"column":8},"end":{"line":203,"column":15}},"164":{"start":{"line":207,"column":4},"end":{"line":218,"column":7}},"165":{"start":{"line":208,"column":6},"end":{"line":217,"column":9}},"166":{"start":{"line":209,"column":8},"end":{"line":209,"column":27}},"167":{"start":{"line":209,"column":17},"end":{"line":209,"column":27}},"168":{"start":{"line":210,"column":8},"end":{"line":210,"column":52}},"169":{"start":{"line":211,"column":8},"end":{"line":211,"column":36}},"170":{"start":{"line":212,"column":8},"end":{"line":212,"column":40}},"171":{"start":{"line":213,"column":8},"end":{"line":213,"column":46}},"172":{"start":{"line":214,"column":8},"end":{"line":214,"column":45}},"173":{"start":{"line":215,"column":8},"end":{"line":215,"column":53}},"174":{"start":{"line":216,"column":8},"end":{"line":216,"column":15}},"175":{"start":{"line":220,"column":4},"end":{"line":231,"column":7}},"176":{"start":{"line":221,"column":6},"end":{"line":230,"column":9}},"177":{"start":{"line":222,"column":8},"end":{"line":222,"column":27}},"178":{"start":{"line":222,"column":17},"end":{"line":222,"column":27}},"179":{"start":{"line":223,"column":8},"end":{"line":223,"column":53}},"180":{"start":{"line":224,"column":8},"end":{"line":224,"column":36}},"181":{"start":{"line":225,"column":8},"end":{"line":225,"column":40}},"182":{"start":{"line":226,"column":8},"end":{"line":226,"column":46}},"183":{"start":{"line":227,"column":8},"end":{"line":227,"column":46}},"184":{"start":{"line":228,"column":8},"end":{"line":228,"column":58}},"185":{"start":{"line":229,"column":8},"end":{"line":229,"column":15}}},"fnMap":{"0":{"name":"_interopRequireDefault","decl":{"start":{"line":11,"column":9},"end":{"line":11,"column":31}},"loc":{"start":{"line":11,"column":37},"end":{"line":11,"column":97}},"line":11},"1":{"name":"(anonymous_1)","decl":{"start":{"line":20,"column":26},"end":{"line":20,"column":27}},"loc":{"start":{"line":20,"column":38},"end":{"line":30,"column":1}},"line":20},"2":{"name":"(anonymous_2)","decl":{"start":{"line":21,"column":20},"end":{"line":21,"column":21}},"loc":{"start":{"line":21,"column":32},"end":{"line":29,"column":3}},"line":21},"3":{"name":"(anonymous_3)","decl":{"start":{"line":22,"column":50},"end":{"line":22,"column":51}},"loc":{"start":{"line":22,"column":66},"end":{"line":28,"column":5}},"line":22},"4":{"name":"(anonymous_4)","decl":{"start":{"line":23,"column":61},"end":{"line":23,"column":62}},"loc":{"start":{"line":23,"column":81},"end":{"line":27,"column":7}},"line":23},"5":{"name":"(anonymous_5)","decl":{"start":{"line":31,"column":27},"end":{"line":31,"column":28}},"loc":{"start":{"line":31,"column":39},"end":{"line":77,"column":1}},"line":31},"6":{"name":"(anonymous_6)","decl":{"start":{"line":32,"column":25},"end":{"line":32,"column":26}},"loc":{"start":{"line":32,"column":37},"end":{"line":76,"column":3}},"line":32},"7":{"name":"(anonymous_7)","decl":{"start":{"line":33,"column":70},"end":{"line":33,"column":71}},"loc":{"start":{"line":33,"column":86},"end":{"line":56,"column":5}},"line":33},"8":{"name":"(anonymous_8)","decl":{"start":{"line":41,"column":13},"end":{"line":41,"column":14}},"loc":{"start":{"line":41,"column":33},"end":{"line":55,"column":7}},"line":41},"9":{"name":"(anonymous_9)","decl":{"start":{"line":57,"column":71},"end":{"line":57,"column":72}},"loc":{"start":{"line":57,"column":87},"end":{"line":75,"column":5}},"line":57},"10":{"name":"(anonymous_10)","decl":{"start":{"line":61,"column":13},"end":{"line":61,"column":14}},"loc":{"start":{"line":61,"column":33},"end":{"line":74,"column":7}},"line":61},"11":{"name":"(anonymous_11)","decl":{"start":{"line":79,"column":31},"end":{"line":79,"column":32}},"loc":{"start":{"line":79,"column":43},"end":{"line":233,"column":1}},"line":79},"12":{"name":"(anonymous_12)","decl":{"start":{"line":80,"column":34},"end":{"line":80,"column":35}},"loc":{"start":{"line":80,"column":46},"end":{"line":232,"column":3}},"line":80},"13":{"name":"(anonymous_13)","decl":{"start":{"line":81,"column":91},"end":{"line":81,"column":92}},"loc":{"start":{"line":81,"column":107},"end":{"line":98,"column":5}},"line":81},"14":{"name":"(anonymous_14)","decl":{"start":{"line":82,"column":386},"end":{"line":82,"column":387}},"loc":{"start":{"line":82,"column":406},"end":{"line":97,"column":7}},"line":82},"15":{"name":"(anonymous_15)","decl":{"start":{"line":99,"column":71},"end":{"line":99,"column":72}},"loc":{"start":{"line":99,"column":87},"end":{"line":116,"column":5}},"line":99},"16":{"name":"(anonymous_16)","decl":{"start":{"line":100,"column":389},"end":{"line":100,"column":390}},"loc":{"start":{"line":100,"column":409},"end":{"line":115,"column":7}},"line":100},"17":{"name":"(anonymous_17)","decl":{"start":{"line":118,"column":69},"end":{"line":118,"column":70}},"loc":{"start":{"line":118,"column":85},"end":{"line":135,"column":5}},"line":118},"18":{"name":"(anonymous_18)","decl":{"start":{"line":119,"column":135},"end":{"line":119,"column":136}},"loc":{"start":{"line":119,"column":155},"end":{"line":134,"column":7}},"line":119},"19":{"name":"(anonymous_19)","decl":{"start":{"line":136,"column":41},"end":{"line":136,"column":42}},"loc":{"start":{"line":136,"column":57},"end":{"line":154,"column":5}},"line":136},"20":{"name":"(anonymous_20)","decl":{"start":{"line":137,"column":76},"end":{"line":137,"column":77}},"loc":{"start":{"line":137,"column":96},"end":{"line":153,"column":7}},"line":137},"21":{"name":"(anonymous_21)","decl":{"start":{"line":155,"column":86},"end":{"line":155,"column":87}},"loc":{"start":{"line":155,"column":102},"end":{"line":173,"column":5}},"line":155},"22":{"name":"(anonymous_22)","decl":{"start":{"line":156,"column":91},"end":{"line":156,"column":92}},"loc":{"start":{"line":156,"column":111},"end":{"line":172,"column":7}},"line":156},"23":{"name":"(anonymous_23)","decl":{"start":{"line":175,"column":46},"end":{"line":175,"column":47}},"loc":{"start":{"line":175,"column":62},"end":{"line":193,"column":5}},"line":175},"24":{"name":"(anonymous_24)","decl":{"start":{"line":176,"column":78},"end":{"line":176,"column":79}},"loc":{"start":{"line":176,"column":98},"end":{"line":192,"column":7}},"line":176},"25":{"name":"(anonymous_25)","decl":{"start":{"line":195,"column":72},"end":{"line":195,"column":73}},"loc":{"start":{"line":195,"column":88},"end":{"line":205,"column":5}},"line":195},"26":{"name":"(anonymous_26)","decl":{"start":{"line":196,"column":78},"end":{"line":196,"column":79}},"loc":{"start":{"line":196,"column":98},"end":{"line":204,"column":7}},"line":196},"27":{"name":"(anonymous_27)","decl":{"start":{"line":207,"column":63},"end":{"line":207,"column":64}},"loc":{"start":{"line":207,"column":79},"end":{"line":218,"column":5}},"line":207},"28":{"name":"(anonymous_28)","decl":{"start":{"line":208,"column":134},"end":{"line":208,"column":135}},"loc":{"start":{"line":208,"column":154},"end":{"line":217,"column":7}},"line":208},"29":{"name":"(anonymous_29)","decl":{"start":{"line":220,"column":76},"end":{"line":220,"column":77}},"loc":{"start":{"line":220,"column":92},"end":{"line":231,"column":5}},"line":220},"30":{"name":"(anonymous_30)","decl":{"start":{"line":221,"column":135},"end":{"line":221,"column":136}},"loc":{"start":{"line":221,"column":155},"end":{"line":230,"column":7}},"line":221}},"branchMap":{"0":{"loc":{"start":{"line":11,"column":46},"end":{"line":11,"column":94}},"type":"cond-expr","locations":[{"start":{"line":11,"column":70},"end":{"line":11,"column":73}},{"start":{"line":11,"column":76},"end":{"line":11,"column":94}}],"line":11},"1":{"loc":{"start":{"line":11,"column":46},"end":{"line":11,"column":67}},"type":"binary-expr","locations":[{"start":{"line":11,"column":46},"end":{"line":11,"column":49}},{"start":{"line":11,"column":53},"end":{"line":11,"column":67}}],"line":11},"2":{"loc":{"start":{"line":24,"column":8},"end":{"line":24,"column":34}},"type":"if","locations":[{"start":{"line":24,"column":8},"end":{"line":24,"column":34}},{"start":{"line":24,"column":8},"end":{"line":24,"column":34}}],"line":24},"3":{"loc":{"start":{"line":42,"column":8},"end":{"line":42,"column":34}},"type":"if","locations":[{"start":{"line":42,"column":8},"end":{"line":42,"column":34}},{"start":{"line":42,"column":8},"end":{"line":42,"column":34}}],"line":42},"4":{"loc":{"start":{"line":62,"column":8},"end":{"line":62,"column":34}},"type":"if","locations":[{"start":{"line":62,"column":8},"end":{"line":62,"column":34}},{"start":{"line":62,"column":8},"end":{"line":62,"column":34}}],"line":62},"5":{"loc":{"start":{"line":83,"column":8},"end":{"line":83,"column":27}},"type":"if","locations":[{"start":{"line":83,"column":8},"end":{"line":83,"column":27}},{"start":{"line":83,"column":8},"end":{"line":83,"column":27}}],"line":83},"6":{"loc":{"start":{"line":101,"column":8},"end":{"line":101,"column":27}},"type":"if","locations":[{"start":{"line":101,"column":8},"end":{"line":101,"column":27}},{"start":{"line":101,"column":8},"end":{"line":101,"column":27}}],"line":101},"7":{"loc":{"start":{"line":120,"column":8},"end":{"line":120,"column":27}},"type":"if","locations":[{"start":{"line":120,"column":8},"end":{"line":120,"column":27}},{"start":{"line":120,"column":8},"end":{"line":120,"column":27}}],"line":120},"8":{"loc":{"start":{"line":138,"column":8},"end":{"line":138,"column":27}},"type":"if","locations":[{"start":{"line":138,"column":8},"end":{"line":138,"column":27}},{"start":{"line":138,"column":8},"end":{"line":138,"column":27}}],"line":138},"9":{"loc":{"start":{"line":157,"column":8},"end":{"line":157,"column":27}},"type":"if","locations":[{"start":{"line":157,"column":8},"end":{"line":157,"column":27}},{"start":{"line":157,"column":8},"end":{"line":157,"column":27}}],"line":157},"10":{"loc":{"start":{"line":177,"column":8},"end":{"line":177,"column":27}},"type":"if","locations":[{"start":{"line":177,"column":8},"end":{"line":177,"column":27}},{"start":{"line":177,"column":8},"end":{"line":177,"column":27}}],"line":177},"11":{"loc":{"start":{"line":209,"column":8},"end":{"line":209,"column":27}},"type":"if","locations":[{"start":{"line":209,"column":8},"end":{"line":209,"column":27}},{"start":{"line":209,"column":8},"end":{"line":209,"column":27}}],"line":209},"12":{"loc":{"start":{"line":222,"column":8},"end":{"line":222,"column":27}},"type":"if","locations":[{"start":{"line":222,"column":8},"end":{"line":222,"column":27}},{"start":{"line":222,"column":8},"end":{"line":222,"column":27}}],"line":222}},"s":{"0":1,"1":1,"2":1,"3":1,"4":4,"5":1,"6":1,"7":1,"8":1,"9":1,"10":1,"11":1,"12":0,"13":1,"14":1,"15":1,"16":1,"17":1,"18":1,"19":1,"20":0,"21":1,"22":1,"23":1,"24":1,"25":1,"26":1,"27":1,"28":1,"29":1,"30":1,"31":1,"32":1,"33":1,"34":1,"35":1,"36":0,"37":1,"38":1,"39":1,"40":1,"41":1,"42":1,"43":1,"44":1,"45":1,"46":1,"47":1,"48":1,"49":1,"50":1,"51":1,"52":1,"53":0,"54":1,"55":1,"56":1,"57":1,"58":1,"59":1,"60":1,"61":1,"62":1,"63":1,"64":1,"65":1,"66":1,"67":1,"68":1,"69":1,"70":0,"71":1,"72":1,"73":1,"74":1,"75":1,"76":1,"77":1,"78":1,"79":1,"80":1,"81":1,"82":1,"83":1,"84":1,"85":1,"86":1,"87":0,"88":1,"89":1,"90":1,"91":1,"92":1,"93":1,"94":1,"95":1,"96":1,"97":1,"98":1,"99":1,"100":1,"101":1,"102":1,"103":1,"104":0,"105":1,"106":1,"107":1,"108":1,"109":1,"110":1,"111":1,"112":1,"113":1,"114":1,"115":1,"116":1,"117":1,"118":1,"119":1,"120":1,"121":1,"122":0,"123":1,"124":1,"125":1,"126":1,"127":1,"128":1,"129":1,"130":1,"131":1,"132":1,"133":1,"134":1,"135":1,"136":1,"137":1,"138":1,"139":1,"140":0,"141":1,"142":1,"143":1,"144":1,"145":1,"146":1,"147":1,"148":1,"149":1,"150":1,"151":1,"152":1,"153":1,"154":1,"155":1,"156":1,"157":1,"158":1,"159":1,"160":1,"161":1,"162":1,"163":1,"164":1,"165":1,"166":1,"167":0,"168":1,"169":1,"170":1,"171":1,"172":1,"173":1,"174":1,"175":1,"176":1,"177":1,"178":0,"179":1,"180":1,"181":1,"182":1,"183":1,"184":1,"185":1},"f":{"0":4,"1":1,"2":1,"3":1,"4":1,"5":1,"6":1,"7":1,"8":1,"9":1,"10":1,"11":1,"12":1,"13":1,"14":1,"15":1,"16":1,"17":1,"18":1,"19":1,"20":1,"21":1,"22":1,"23":1,"24":1,"25":1,"26":1,"27":1,"28":1,"29":1,"30":1},"b":{"0":[1,3],"1":[4,4],"2":[0,1],"3":[0,1],"4":[0,1],"5":[0,1],"6":[0,1],"7":[0,1],"8":[0,1],"9":[0,1],"10":[0,1],"11":[0,1],"12":[0,1]},"_coverageSchema":"43e27e138ebf9cfc5966b082cf9a028302ed4184","hash":"cc35e6fb9ad99a0e44d22b1d08601a8a300a1bec","contentHash":"70d25702d671d6e259cfb7535a534a762f3457f3f32686d51d85ecf4c8c91e7a"},"C:\\Users\\Mo\\Desktop\\Property Pro Lite\\Property-Pro-Lite\\Server\\src\\app.js":{"path":"C:\\Users\\Mo\\Desktop\\Property Pro Lite\\Property-Pro-Lite\\Server\\src\\app.js","statementMap":{"0":{"start":{"line":3,"column":0},"end":{"line":5,"column":3}},"1":{"start":{"line":6,"column":0},"end":{"line":6,"column":28}},"2":{"start":{"line":8,"column":15},"end":{"line":8,"column":57}},"3":{"start":{"line":10,"column":14},"end":{"line":10,"column":55}},"4":{"start":{"line":12,"column":18},"end":{"line":12,"column":64}},"5":{"start":{"line":14,"column":16},"end":{"line":14,"column":72}},"6":{"start":{"line":16,"column":13},"end":{"line":16,"column":66}},"7":{"start":{"line":18,"column":12},"end":{"line":18,"column":40}},"8":{"start":{"line":20,"column":39},"end":{"line":20,"column":95}},"9":{"start":{"line":22,"column":10},"end":{"line":22,"column":36}},"10":{"start":{"line":23,"column":0},"end":{"line":23,"column":40}},"11":{"start":{"line":24,"column":0},"end":{"line":26,"column":4}},"12":{"start":{"line":27,"column":0},"end":{"line":27,"column":39}},"13":{"start":{"line":28,"column":0},"end":{"line":28,"column":24}},"14":{"start":{"line":30,"column":0},"end":{"line":30,"column":43}},"15":{"start":{"line":32,"column":0},"end":{"line":32,"column":50}},"16":{"start":{"line":33,"column":0},"end":{"line":35,"column":3}},"17":{"start":{"line":34,"column":2},"end":{"line":34,"column":43}},"18":{"start":{"line":36,"column":15},"end":{"line":36,"column":18}},"19":{"start":{"line":37,"column":0},"end":{"line":37,"column":30}}},"fnMap":{"0":{"name":"_interopRequireDefault","decl":{"start":{"line":20,"column":9},"end":{"line":20,"column":31}},"loc":{"start":{"line":20,"column":37},"end":{"line":20,"column":97}},"line":20},"1":{"name":"(anonymous_1)","decl":{"start":{"line":33,"column":13},"end":{"line":33,"column":14}},"loc":{"start":{"line":33,"column":33},"end":{"line":35,"column":1}},"line":33}},"branchMap":{"0":{"loc":{"start":{"line":20,"column":46},"end":{"line":20,"column":94}},"type":"cond-expr","locations":[{"start":{"line":20,"column":70},"end":{"line":20,"column":73}},{"start":{"line":20,"column":76},"end":{"line":20,"column":94}}],"line":20},"1":{"loc":{"start":{"line":20,"column":46},"end":{"line":20,"column":67}},"type":"binary-expr","locations":[{"start":{"line":20,"column":46},"end":{"line":20,"column":49}},{"start":{"line":20,"column":53},"end":{"line":20,"column":67}}],"line":20}},"s":{"0":1,"1":1,"2":1,"3":1,"4":1,"5":1,"6":1,"7":1,"8":5,"9":1,"10":1,"11":1,"12":1,"13":1,"14":1,"15":1,"16":1,"17":1,"18":1,"19":1},"f":{"0":5,"1":1},"b":{"0":[2,3],"1":[5,5]},"_coverageSchema":"43e27e138ebf9cfc5966b082cf9a028302ed4184","hash":"745219bfe653bd37980bf716723aabc1cbcce0da","contentHash":"626ca17244a7586200bb727e9072846ca1121427fb62084b46daf9437bdb7adc"},"C:\\Users\\Mo\\Desktop\\Property Pro Lite\\Property-Pro-Lite\\Server\\src\\api\\routes\\property.js":{"path":"C:\\Users\\Mo\\Desktop\\Property Pro Lite\\Property-Pro-Lite\\Server\\src\\api\\routes\\property.js","statementMap":{"0":{"start":{"line":3,"column":0},"end":{"line":5,"column":3}},"1":{"start":{"line":6,"column":0},"end":{"line":6,"column":28}},"2":{"start":{"line":8,"column":15},"end":{"line":8,"column":57}},"3":{"start":{"line":10,"column":12},"end":{"line":10,"column":44}},"4":{"start":{"line":12,"column":14},"end":{"line":12,"column":48}},"5":{"start":{"line":14,"column":15},"end":{"line":14,"column":50}},"6":{"start":{"line":16,"column":24},"end":{"line":16,"column":64}},"7":{"start":{"line":18,"column":27},"end":{"line":18,"column":99}},"8":{"start":{"line":20,"column":39},"end":{"line":20,"column":95}},"9":{"start":{"line":23,"column":13},"end":{"line":23,"column":41}},"10":{"start":{"line":25,"column":0},"end":{"line":25,"column":64}},"11":{"start":{"line":26,"column":0},"end":{"line":26,"column":67}},"12":{"start":{"line":27,"column":0},"end":{"line":27,"column":172}},"13":{"start":{"line":28,"column":0},"end":{"line":28,"column":176}},"14":{"start":{"line":29,"column":0},"end":{"line":29,"column":92}},"15":{"start":{"line":30,"column":0},"end":{"line":30,"column":93}},"16":{"start":{"line":31,"column":15},"end":{"line":31,"column":21}},"17":{"start":{"line":32,"column":0},"end":{"line":32,"column":30}}},"fnMap":{"0":{"name":"_interopRequireDefault","decl":{"start":{"line":20,"column":9},"end":{"line":20,"column":31}},"loc":{"start":{"line":20,"column":37},"end":{"line":20,"column":97}},"line":20}},"branchMap":{"0":{"loc":{"start":{"line":20,"column":46},"end":{"line":20,"column":94}},"type":"cond-expr","locations":[{"start":{"line":20,"column":70},"end":{"line":20,"column":73}},{"start":{"line":20,"column":76},"end":{"line":20,"column":94}}],"line":20},"1":{"loc":{"start":{"line":20,"column":46},"end":{"line":20,"column":67}},"type":"binary-expr","locations":[{"start":{"line":20,"column":46},"end":{"line":20,"column":49}},{"start":{"line":20,"column":53},"end":{"line":20,"column":67}}],"line":20}},"s":{"0":1,"1":1,"2":1,"3":1,"4":1,"5":1,"6":1,"7":1,"8":2,"9":1,"10":1,"11":1,"12":1,"13":1,"14":1,"15":1,"16":1,"17":1},"f":{"0":2},"b":{"0":[1,1],"1":[2,2]},"_coverageSchema":"43e27e138ebf9cfc5966b082cf9a028302ed4184","hash":"b403df24d7ff7f3c3a4b3d8a9e2047b23db17e03","contentHash":"166767f6c2471975110331b04c3c9d0e5a71b1b9eb59fb79c45e286c69d4d68a"},"C:\\Users\\Mo\\Desktop\\Property Pro Lite\\Property-Pro-Lite\\Server\\src\\middleware\\auth.js":{"path":"C:\\Users\\Mo\\Desktop\\Property Pro Lite\\Property-Pro-Lite\\Server\\src\\middleware\\auth.js","statementMap":{"0":{"start":{"line":3,"column":0},"end":{"line":5,"column":3}},"1":{"start":{"line":6,"column":0},"end":{"line":6,"column":49}},"2":{"start":{"line":8,"column":20},"end":{"line":8,"column":67}},"3":{"start":{"line":10,"column":39},"end":{"line":10,"column":95}},"4":{"start":{"line":13,"column":15},"end":{"line":39,"column":1}},"5":{"start":{"line":14,"column":19},"end":{"line":14,"column":43}},"6":{"start":{"line":16,"column":2},"end":{"line":38,"column":3}},"7":{"start":{"line":17,"column":16},"end":{"line":17,"column":55}},"8":{"start":{"line":19,"column":4},"end":{"line":33,"column":5}},"9":{"start":{"line":20,"column":6},"end":{"line":30,"column":9}},"10":{"start":{"line":21,"column":8},"end":{"line":27,"column":9}},"11":{"start":{"line":22,"column":10},"end":{"line":26,"column":13}},"12":{"start":{"line":29,"column":8},"end":{"line":29,"column":27}},"13":{"start":{"line":32,"column":6},"end":{"line":32,"column":13}},"14":{"start":{"line":35,"column":4},"end":{"line":35,"column":11}},"15":{"start":{"line":37,"column":4},"end":{"line":37,"column":11}},"16":{"start":{"line":41,"column":0},"end":{"line":41,"column":28}},"17":{"start":{"line":43,"column":19},"end":{"line":51,"column":1}},"18":{"start":{"line":44,"column":2},"end":{"line":50,"column":3}},"19":{"start":{"line":45,"column":4},"end":{"line":45,"column":11}},"20":{"start":{"line":47,"column":16},"end":{"line":47,"column":42}},"21":{"start":{"line":48,"column":4},"end":{"line":48,"column":20}},"22":{"start":{"line":49,"column":4},"end":{"line":49,"column":16}},"23":{"start":{"line":53,"column":0},"end":{"line":53,"column":36}}},"fnMap":{"0":{"name":"_interopRequireDefault","decl":{"start":{"line":10,"column":9},"end":{"line":10,"column":31}},"loc":{"start":{"line":10,"column":37},"end":{"line":10,"column":97}},"line":10},"1":{"name":"authUser","decl":{"start":{"line":13,"column":24},"end":{"line":13,"column":32}},"loc":{"start":{"line":13,"column":49},"end":{"line":39,"column":1}},"line":13},"2":{"name":"(anonymous_2)","decl":{"start":{"line":20,"column":71},"end":{"line":20,"column":72}},"loc":{"start":{"line":20,"column":97},"end":{"line":30,"column":7}},"line":20},"3":{"name":"authLoggedIn","decl":{"start":{"line":43,"column":28},"end":{"line":43,"column":40}},"loc":{"start":{"line":43,"column":57},"end":{"line":51,"column":1}},"line":43}},"branchMap":{"0":{"loc":{"start":{"line":10,"column":46},"end":{"line":10,"column":94}},"type":"cond-expr","locations":[{"start":{"line":10,"column":70},"end":{"line":10,"column":73}},{"start":{"line":10,"column":76},"end":{"line":10,"column":94}}],"line":10},"1":{"loc":{"start":{"line":10,"column":46},"end":{"line":10,"column":67}},"type":"binary-expr","locations":[{"start":{"line":10,"column":46},"end":{"line":10,"column":49}},{"start":{"line":10,"column":53},"end":{"line":10,"column":67}}],"line":10},"2":{"loc":{"start":{"line":16,"column":2},"end":{"line":38,"column":3}},"type":"if","locations":[{"start":{"line":16,"column":2},"end":{"line":38,"column":3}},{"start":{"line":16,"column":2},"end":{"line":38,"column":3}}],"line":16},"3":{"loc":{"start":{"line":16,"column":6},"end":{"line":16,"column":72}},"type":"binary-expr","locations":[{"start":{"line":16,"column":6},"end":{"line":16,"column":16}},{"start":{"line":16,"column":20},"end":{"line":16,"column":72}}],"line":16},"4":{"loc":{"start":{"line":19,"column":4},"end":{"line":33,"column":5}},"type":"if","locations":[{"start":{"line":19,"column":4},"end":{"line":33,"column":5}},{"start":{"line":19,"column":4},"end":{"line":33,"column":5}}],"line":19},"5":{"loc":{"start":{"line":21,"column":8},"end":{"line":27,"column":9}},"type":"if","locations":[{"start":{"line":21,"column":8},"end":{"line":27,"column":9}},{"start":{"line":21,"column":8},"end":{"line":27,"column":9}}],"line":21},"6":{"loc":{"start":{"line":44,"column":2},"end":{"line":50,"column":3}},"type":"if","locations":[{"start":{"line":44,"column":2},"end":{"line":50,"column":3}},{"start":{"line":44,"column":2},"end":{"line":50,"column":3}}],"line":44}},"s":{"0":1,"1":1,"2":1,"3":1,"4":1,"5":37,"6":37,"7":16,"8":16,"9":16,"10":16,"11":1,"12":16,"13":0,"14":16,"15":21,"16":1,"17":1,"18":17,"19":15,"20":2,"21":2,"22":2,"23":1},"f":{"0":1,"1":37,"2":16,"3":17},"b":{"0":[0,1],"1":[1,1],"2":[16,21],"3":[37,16],"4":[16,0],"5":[1,15],"6":[15,2]},"_coverageSchema":"43e27e138ebf9cfc5966b082cf9a028302ed4184","hash":"fbb09a7a50757ce84c12d2408c4a64fee35cce73","contentHash":"36fa27ffe3c61024da0afa35d3f0f93bd151942d366e350b28c0be95b1f4fe84"},"C:\\Users\\Mo\\Desktop\\Property Pro Lite\\Property-Pro-Lite\\Server\\src\\middleware\\multer.js":{"path":"C:\\Users\\Mo\\Desktop\\Property Pro Lite\\Property-Pro-Lite\\Server\\src\\middleware\\multer.js","statementMap":{"0":{"start":{"line":3,"column":0},"end":{"line":5,"column":3}},"1":{"start":{"line":6,"column":0},"end":{"line":6,"column":53}},"2":{"start":{"line":8,"column":14},"end":{"line":8,"column":55}},"3":{"start":{"line":10,"column":15},"end":{"line":10,"column":57}},"4":{"start":{"line":12,"column":12},"end":{"line":12,"column":51}},"5":{"start":{"line":14,"column":24},"end":{"line":14,"column":61}},"6":{"start":{"line":16,"column":39},"end":{"line":16,"column":95}},"7":{"start":{"line":18,"column":14},"end":{"line":18,"column":48}},"8":{"start":{"line":20,"column":20},"end":{"line":22,"column":18}},"9":{"start":{"line":23,"column":0},"end":{"line":23,"column":38}},"10":{"start":{"line":24,"column":11},"end":{"line":24,"column":36}},"11":{"start":{"line":26,"column":14},"end":{"line":28,"column":1}},"12":{"start":{"line":27,"column":2},"end":{"line":27,"column":98}},"13":{"start":{"line":30,"column":18},"end":{"line":37,"column":1}},"14":{"start":{"line":31,"column":13},"end":{"line":31,"column":33}},"15":{"start":{"line":32,"column":2},"end":{"line":36,"column":5}},"16":{"start":{"line":33,"column":4},"end":{"line":33,"column":22}},"17":{"start":{"line":35,"column":4},"end":{"line":35,"column":28}},"18":{"start":{"line":39,"column":0},"end":{"line":39,"column":34}}},"fnMap":{"0":{"name":"_interopRequireDefault","decl":{"start":{"line":16,"column":9},"end":{"line":16,"column":31}},"loc":{"start":{"line":16,"column":37},"end":{"line":16,"column":97}},"line":16},"1":{"name":"dataUri","decl":{"start":{"line":26,"column":23},"end":{"line":26,"column":30}},"loc":{"start":{"line":26,"column":36},"end":{"line":28,"column":1}},"line":26},"2":{"name":"imageUpload","decl":{"start":{"line":30,"column":27},"end":{"line":30,"column":38}},"loc":{"start":{"line":30,"column":44},"end":{"line":37,"column":1}},"line":30},"3":{"name":"(anonymous_3)","decl":{"start":{"line":32,"column":54},"end":{"line":32,"column":55}},"loc":{"start":{"line":32,"column":72},"end":{"line":34,"column":3}},"line":32},"4":{"name":"(anonymous_4)","decl":{"start":{"line":34,"column":14},"end":{"line":34,"column":15}},"loc":{"start":{"line":34,"column":29},"end":{"line":36,"column":3}},"line":34}},"branchMap":{"0":{"loc":{"start":{"line":16,"column":46},"end":{"line":16,"column":94}},"type":"cond-expr","locations":[{"start":{"line":16,"column":70},"end":{"line":16,"column":73}},{"start":{"line":16,"column":76},"end":{"line":16,"column":94}}],"line":16},"1":{"loc":{"start":{"line":16,"column":46},"end":{"line":16,"column":67}},"type":"binary-expr","locations":[{"start":{"line":16,"column":46},"end":{"line":16,"column":49}},{"start":{"line":16,"column":53},"end":{"line":16,"column":67}}],"line":16}},"s":{"0":1,"1":1,"2":1,"3":1,"4":1,"5":1,"6":3,"7":1,"8":1,"9":1,"10":1,"11":1,"12":3,"13":1,"14":3,"15":3,"16":3,"17":0,"18":1},"f":{"0":3,"1":3,"2":3,"3":3,"4":0},"b":{"0":[0,3],"1":[3,3]},"_coverageSchema":"43e27e138ebf9cfc5966b082cf9a028302ed4184","hash":"1a7fd6a5175a292e0f62759ffcbf0997682ebd8c","contentHash":"81932291c671634540c7479434e51d0720ac7f86a7affa7394ad96af5a82c71b"},"C:\\Users\\Mo\\Desktop\\Property Pro Lite\\Property-Pro-Lite\\Server\\src\\config\\cloudinaryConfig.js":{"path":"C:\\Users\\Mo\\Desktop\\Property Pro Lite\\Property-Pro-Lite\\Server\\src\\config\\cloudinaryConfig.js","statementMap":{"0":{"start":{"line":3,"column":0},"end":{"line":5,"column":3}},"1":{"start":{"line":6,"column":0},"end":{"line":11,"column":3}},"2":{"start":{"line":9,"column":4},"end":{"line":9,"column":32}},"3":{"start":{"line":12,"column":0},"end":{"line":12,"column":34}},"4":{"start":{"line":14,"column":18},"end":{"line":14,"column":39}},"5":{"start":{"line":16,"column":14},"end":{"line":16,"column":55}},"6":{"start":{"line":18,"column":39},"end":{"line":18,"column":95}},"7":{"start":{"line":20,"column":0},"end":{"line":20,"column":28}},"8":{"start":{"line":22,"column":23},"end":{"line":29,"column":1}},"9":{"start":{"line":23,"column":2},"end":{"line":27,"column":5}},"10":{"start":{"line":28,"column":2},"end":{"line":28,"column":9}},"11":{"start":{"line":31,"column":0},"end":{"line":31,"column":44}}},"fnMap":{"0":{"name":"get","decl":{"start":{"line":8,"column":16},"end":{"line":8,"column":19}},"loc":{"start":{"line":8,"column":22},"end":{"line":10,"column":3}},"line":8},"1":{"name":"_interopRequireDefault","decl":{"start":{"line":18,"column":9},"end":{"line":18,"column":31}},"loc":{"start":{"line":18,"column":37},"end":{"line":18,"column":97}},"line":18},"2":{"name":"cloudinaryConfig","decl":{"start":{"line":22,"column":32},"end":{"line":22,"column":48}},"loc":{"start":{"line":22,"column":65},"end":{"line":29,"column":1}},"line":22}},"branchMap":{"0":{"loc":{"start":{"line":18,"column":46},"end":{"line":18,"column":94}},"type":"cond-expr","locations":[{"start":{"line":18,"column":70},"end":{"line":18,"column":73}},{"start":{"line":18,"column":76},"end":{"line":18,"column":94}}],"line":18},"1":{"loc":{"start":{"line":18,"column":46},"end":{"line":18,"column":67}},"type":"binary-expr","locations":[{"start":{"line":18,"column":46},"end":{"line":18,"column":49}},{"start":{"line":18,"column":53},"end":{"line":18,"column":67}}],"line":18}},"s":{"0":1,"1":1,"2":3,"3":1,"4":1,"5":1,"6":1,"7":1,"8":1,"9":12,"10":12,"11":1},"f":{"0":3,"1":1,"2":12},"b":{"0":[0,1],"1":[1,1]},"_coverageSchema":"43e27e138ebf9cfc5966b082cf9a028302ed4184","hash":"3e005844439f0106725a29eba1faac1e93227572","contentHash":"ec2d67cb77a6e7deade901974a5e760461f1192987d1761b6b75125d264db788"},"C:\\Users\\Mo\\Desktop\\Property Pro Lite\\Property-Pro-Lite\\Server\\src\\middleware\\schemas.js":{"path":"C:\\Users\\Mo\\Desktop\\Property Pro Lite\\Property-Pro-Lite\\Server\\src\\middleware\\schemas.js","statementMap":{"0":{"start":{"line":3,"column":0},"end":{"line":5,"column":3}},"1":{"start":{"line":6,"column":0},"end":{"line":6,"column":80}},"2":{"start":{"line":8,"column":11},"end":{"line":8,"column":55}},"3":{"start":{"line":10,"column":39},"end":{"line":10,"column":95}},"4":{"start":{"line":12,"column":12},"end":{"line":14,"column":13}},"5":{"start":{"line":16,"column":15},"end":{"line":16,"column":75}},"6":{"start":{"line":18,"column":19},"end":{"line":29,"column":2}},"7":{"start":{"line":31,"column":0},"end":{"line":31,"column":36}},"8":{"start":{"line":33,"column":18},"end":{"line":36,"column":2}},"9":{"start":{"line":38,"column":0},"end":{"line":38,"column":34}},"10":{"start":{"line":40,"column":21},"end":{"line":47,"column":2}},"11":{"start":{"line":49,"column":24},"end":{"line":63,"column":1}},"12":{"start":{"line":50,"column":14},"end":{"line":50,"column":28}},"13":{"start":{"line":51,"column":2},"end":{"line":51,"column":24}},"14":{"start":{"line":52,"column":2},"end":{"line":52,"column":25}},"15":{"start":{"line":53,"column":2},"end":{"line":62,"column":5}},"16":{"start":{"line":54,"column":4},"end":{"line":59,"column":5}},"17":{"start":{"line":55,"column":6},"end":{"line":58,"column":9}},"18":{"start":{"line":61,"column":4},"end":{"line":61,"column":18}},"19":{"start":{"line":65,"column":0},"end":{"line":65,"column":46}}},"fnMap":{"0":{"name":"_interopRequireDefault","decl":{"start":{"line":10,"column":9},"end":{"line":10,"column":31}},"loc":{"start":{"line":10,"column":37},"end":{"line":10,"column":97}},"line":10},"1":{"name":"propertyValidator","decl":{"start":{"line":49,"column":33},"end":{"line":49,"column":50}},"loc":{"start":{"line":49,"column":67},"end":{"line":63,"column":1}},"line":49},"2":{"name":"(anonymous_2)","decl":{"start":{"line":53,"column":60},"end":{"line":53,"column":61}},"loc":{"start":{"line":53,"column":75},"end":{"line":62,"column":3}},"line":53}},"branchMap":{"0":{"loc":{"start":{"line":10,"column":46},"end":{"line":10,"column":94}},"type":"cond-expr","locations":[{"start":{"line":10,"column":70},"end":{"line":10,"column":73}},{"start":{"line":10,"column":76},"end":{"line":10,"column":94}}],"line":10},"1":{"loc":{"start":{"line":10,"column":46},"end":{"line":10,"column":67}},"type":"binary-expr","locations":[{"start":{"line":10,"column":46},"end":{"line":10,"column":49}},{"start":{"line":10,"column":53},"end":{"line":10,"column":67}}],"line":10},"2":{"loc":{"start":{"line":54,"column":4},"end":{"line":59,"column":5}},"type":"if","locations":[{"start":{"line":54,"column":4},"end":{"line":59,"column":5}},{"start":{"line":54,"column":4},"end":{"line":59,"column":5}}],"line":54}},"s":{"0":1,"1":1,"2":1,"3":1,"4":1,"5":1,"6":1,"7":1,"8":1,"9":1,"10":1,"11":1,"12":12,"13":12,"14":12,"15":12,"16":12,"17":9,"18":3,"19":1},"f":{"0":1,"1":12,"2":12},"b":{"0":[0,1],"1":[1,1],"2":[9,3]},"_coverageSchema":"43e27e138ebf9cfc5966b082cf9a028302ed4184","hash":"6474336656d5af5c38f42041bcafb6d0ba20ea73","contentHash":"63a1ff23f988c2bbd093bb97ecd9f1e622a211a7e06618d57b410df2c4a96d82"},"C:\\Users\\Mo\\Desktop\\Property Pro Lite\\Property-Pro-Lite\\Server\\src\\controllers\\propertyControllers.js":{"path":"C:\\Users\\Mo\\Desktop\\Property Pro Lite\\Property-Pro-Lite\\Server\\src\\controllers\\propertyControllers.js","statementMap":{"0":{"start":{"line":3,"column":0},"end":{"line":5,"column":3}},"1":{"start":{"line":6,"column":0},"end":{"line":6,"column":28}},"2":{"start":{"line":8,"column":18},"end":{"line":8,"column":76}},"3":{"start":{"line":10,"column":14},"end":{"line":10,"column":45}},"4":{"start":{"line":12,"column":15},"end":{"line":12,"column":47}},"5":{"start":{"line":14,"column":39},"end":{"line":14,"column":95}},"6":{"start":{"line":16,"column":77},"end":{"line":16,"column":175}},"7":{"start":{"line":16,"column":94},"end":{"line":16,"column":107}},"8":{"start":{"line":16,"column":121},"end":{"line":16,"column":131}},"9":{"start":{"line":16,"column":151},"end":{"line":16,"column":165}},"10":{"start":{"line":16,"column":166},"end":{"line":16,"column":173}},"11":{"start":{"line":16,"column":176},"end":{"line":16,"column":263}},"12":{"start":{"line":16,"column":193},"end":{"line":16,"column":208}},"13":{"start":{"line":16,"column":218},"end":{"line":16,"column":261}},"14":{"start":{"line":18,"column":33},"end":{"line":18,"column":387}},"15":{"start":{"line":18,"column":65},"end":{"line":18,"column":69}},"16":{"start":{"line":18,"column":78},"end":{"line":18,"column":87}},"17":{"start":{"line":18,"column":89},"end":{"line":18,"column":384}},"18":{"start":{"line":18,"column":147},"end":{"line":18,"column":167}},"19":{"start":{"line":18,"column":193},"end":{"line":18,"column":264}},"20":{"start":{"line":18,"column":290},"end":{"line":18,"column":360}},"21":{"start":{"line":18,"column":363},"end":{"line":18,"column":380}},"22":{"start":{"line":20,"column":50},"end":{"line":20,"column":151}},"23":{"start":{"line":20,"column":92},"end":{"line":20,"column":149}},"24":{"start":{"line":22,"column":44},"end":{"line":22,"column":315}},"25":{"start":{"line":22,"column":57},"end":{"line":22,"column":58}},"26":{"start":{"line":22,"column":102},"end":{"line":22,"column":110}},"27":{"start":{"line":22,"column":112},"end":{"line":22,"column":167}},"28":{"start":{"line":22,"column":168},"end":{"line":22,"column":199}},"29":{"start":{"line":22,"column":200},"end":{"line":22,"column":254}},"30":{"start":{"line":22,"column":227},"end":{"line":22,"column":254}},"31":{"start":{"line":22,"column":255},"end":{"line":22,"column":313}},"32":{"start":{"line":24,"column":62},"end":{"line":24,"column":131}},"33":{"start":{"line":24,"column":78},"end":{"line":24,"column":131}},"34":{"start":{"line":24,"column":132},"end":{"line":24,"column":193}},"35":{"start":{"line":24,"column":149},"end":{"line":24,"column":193}},"36":{"start":{"line":24,"column":194},"end":{"line":24,"column":213}},"37":{"start":{"line":28,"column":0},"end":{"line":314,"column":3}},"38":{"start":{"line":30,"column":4},"end":{"line":30,"column":36}},"39":{"start":{"line":33,"column":2},"end":{"line":311,"column":6}},"40":{"start":{"line":36,"column":6},"end":{"line":45,"column":7}},"41":{"start":{"line":37,"column":31},"end":{"line":39,"column":10}},"42":{"start":{"line":38,"column":10},"end":{"line":38,"column":67}},"43":{"start":{"line":41,"column":8},"end":{"line":44,"column":11}},"44":{"start":{"line":47,"column":6},"end":{"line":50,"column":9}},"45":{"start":{"line":55,"column":15},"end":{"line":55,"column":42}},"46":{"start":{"line":57,"column":26},"end":{"line":59,"column":8}},"47":{"start":{"line":58,"column":8},"end":{"line":58,"column":34}},"48":{"start":{"line":61,"column":6},"end":{"line":66,"column":7}},"49":{"start":{"line":62,"column":8},"end":{"line":65,"column":11}},"50":{"start":{"line":68,"column":6},"end":{"line":71,"column":9}},"51":{"start":{"line":76,"column":28},"end":{"line":146,"column":9}},"52":{"start":{"line":80,"column":8},"end":{"line":145,"column":20}},"53":{"start":{"line":81,"column":10},"end":{"line":144,"column":11}},"54":{"start":{"line":82,"column":12},"end":{"line":143,"column":13}},"55":{"start":{"line":84,"column":16},"end":{"line":87,"column":17}},"56":{"start":{"line":85,"column":18},"end":{"line":85,"column":36}},"57":{"start":{"line":86,"column":18},"end":{"line":86,"column":24}},"58":{"start":{"line":89,"column":16},"end":{"line":89,"column":34}},"59":{"start":{"line":90,"column":16},"end":{"line":90,"column":53}},"60":{"start":{"line":93,"column":16},"end":{"line":93,"column":40}},"61":{"start":{"line":95,"column":16},"end":{"line":99,"column":17}},"62":{"start":{"line":96,"column":18},"end":{"line":96,"column":37}},"63":{"start":{"line":98,"column":18},"end":{"line":98,"column":70}},"64":{"start":{"line":102,"column":16},"end":{"line":117,"column":18}},"65":{"start":{"line":118,"column":16},"end":{"line":120,"column":19}},"66":{"start":{"line":119,"column":18},"end":{"line":119,"column":63}},"67":{"start":{"line":122,"column":16},"end":{"line":125,"column":17}},"68":{"start":{"line":123,"column":18},"end":{"line":123,"column":37}},"69":{"start":{"line":124,"column":18},"end":{"line":124,"column":24}},"70":{"start":{"line":127,"column":16},"end":{"line":127,"column":57}},"71":{"start":{"line":129,"column":16},"end":{"line":132,"column":20}},"72":{"start":{"line":135,"column":16},"end":{"line":138,"column":19}},"73":{"start":{"line":142,"column":16},"end":{"line":142,"column":39}},"74":{"start":{"line":149,"column":8},"end":{"line":149,"column":54}},"75":{"start":{"line":152,"column":6},"end":{"line":152,"column":28}},"76":{"start":{"line":157,"column":28},"end":{"line":233,"column":9}},"77":{"start":{"line":161,"column":8},"end":{"line":232,"column":21}},"78":{"start":{"line":162,"column":10},"end":{"line":231,"column":11}},"79":{"start":{"line":163,"column":12},"end":{"line":230,"column":13}},"80":{"start":{"line":165,"column":16},"end":{"line":168,"column":17}},"81":{"start":{"line":166,"column":18},"end":{"line":166,"column":37}},"82":{"start":{"line":167,"column":18},"end":{"line":167,"column":24}},"83":{"start":{"line":170,"column":16},"end":{"line":170,"column":35}},"84":{"start":{"line":171,"column":16},"end":{"line":171,"column":53}},"85":{"start":{"line":174,"column":16},"end":{"line":174,"column":41}},"86":{"start":{"line":176,"column":16},"end":{"line":180,"column":17}},"87":{"start":{"line":177,"column":18},"end":{"line":177,"column":37}},"88":{"start":{"line":179,"column":18},"end":{"line":179,"column":70}},"89":{"start":{"line":183,"column":16},"end":{"line":183,"column":49}},"90":{"start":{"line":185,"column":16},"end":{"line":190,"column":19}},"91":{"start":{"line":186,"column":18},"end":{"line":189,"column":19}},"92":{"start":{"line":187,"column":20},"end":{"line":187,"column":45}},"93":{"start":{"line":188,"column":20},"end":{"line":188,"column":42}},"94":{"start":{"line":192,"column":16},"end":{"line":195,"column":17}},"95":{"start":{"line":193,"column":18},"end":{"line":193,"column":37}},"96":{"start":{"line":194,"column":18},"end":{"line":194,"column":24}},"97":{"start":{"line":197,"column":16},"end":{"line":200,"column":20}},"98":{"start":{"line":203,"column":16},"end":{"line":218,"column":18}},"99":{"start":{"line":220,"column":16},"end":{"line":220,"column":81}},"100":{"start":{"line":222,"column":16},"end":{"line":225,"column":20}},"101":{"start":{"line":229,"column":16},"end":{"line":229,"column":40}},"102":{"start":{"line":236,"column":8},"end":{"line":236,"column":54}},"103":{"start":{"line":239,"column":6},"end":{"line":239,"column":28}},"104":{"start":{"line":244,"column":15},"end":{"line":244,"column":42}},"105":{"start":{"line":248,"column":6},"end":{"line":253,"column":9}},"106":{"start":{"line":249,"column":8},"end":{"line":252,"column":9}},"107":{"start":{"line":250,"column":10},"end":{"line":250,"column":35}},"108":{"start":{"line":251,"column":10},"end":{"line":251,"column":32}},"109":{"start":{"line":255,"column":6},"end":{"line":262,"column":7}},"110":{"start":{"line":256,"column":8},"end":{"line":261,"column":11}},"111":{"start":{"line":264,"column":28},"end":{"line":279,"column":7}},"112":{"start":{"line":281,"column":6},"end":{"line":281,"column":71}},"113":{"start":{"line":283,"column":6},"end":{"line":286,"column":9}},"114":{"start":{"line":291,"column":15},"end":{"line":291,"column":42}},"115":{"start":{"line":293,"column":6},"end":{"line":304,"column":9}},"116":{"start":{"line":294,"column":8},"end":{"line":303,"column":9}},"117":{"start":{"line":295,"column":10},"end":{"line":295,"column":50}},"118":{"start":{"line":297,"column":10},"end":{"line":302,"column":13}},"119":{"start":{"line":306,"column":6},"end":{"line":309,"column":9}},"120":{"start":{"line":313,"column":2},"end":{"line":313,"column":18}},"121":{"start":{"line":316,"column":25},"end":{"line":316,"column":39}},"122":{"start":{"line":317,"column":15},"end":{"line":317,"column":33}},"123":{"start":{"line":318,"column":0},"end":{"line":318,"column":30}}},"fnMap":{"0":{"name":"_interopRequireDefault","decl":{"start":{"line":14,"column":9},"end":{"line":14,"column":31}},"loc":{"start":{"line":14,"column":37},"end":{"line":14,"column":97}},"line":14},"1":{"name":"asyncGeneratorStep","decl":{"start":{"line":16,"column":9},"end":{"line":16,"column":27}},"loc":{"start":{"line":16,"column":75},"end":{"line":16,"column":265}},"line":16},"2":{"name":"_asyncToGenerator","decl":{"start":{"line":18,"column":9},"end":{"line":18,"column":26}},"loc":{"start":{"line":18,"column":31},"end":{"line":18,"column":389}},"line":18},"3":{"name":"(anonymous_3)","decl":{"start":{"line":18,"column":40},"end":{"line":18,"column":41}},"loc":{"start":{"line":18,"column":52},"end":{"line":18,"column":386}},"line":18},"4":{"name":"(anonymous_4)","decl":{"start":{"line":18,"column":108},"end":{"line":18,"column":109}},"loc":{"start":{"line":18,"column":135},"end":{"line":18,"column":382}},"line":18},"5":{"name":"_next","decl":{"start":{"line":18,"column":178},"end":{"line":18,"column":183}},"loc":{"start":{"line":18,"column":191},"end":{"line":18,"column":266}},"line":18},"6":{"name":"_throw","decl":{"start":{"line":18,"column":276},"end":{"line":18,"column":282}},"loc":{"start":{"line":18,"column":288},"end":{"line":18,"column":362}},"line":18},"7":{"name":"_classCallCheck","decl":{"start":{"line":20,"column":9},"end":{"line":20,"column":24}},"loc":{"start":{"line":20,"column":48},"end":{"line":20,"column":153}},"line":20},"8":{"name":"_defineProperties","decl":{"start":{"line":22,"column":9},"end":{"line":22,"column":26}},"loc":{"start":{"line":22,"column":42},"end":{"line":22,"column":317}},"line":22},"9":{"name":"_createClass","decl":{"start":{"line":24,"column":9},"end":{"line":24,"column":21}},"loc":{"start":{"line":24,"column":60},"end":{"line":24,"column":215}},"line":24},"10":{"name":"(anonymous_10)","decl":{"start":{"line":28,"column":0},"end":{"line":28,"column":1}},"loc":{"start":{"line":28,"column":12},"end":{"line":314,"column":1}},"line":28},"11":{"name":"Property","decl":{"start":{"line":29,"column":11},"end":{"line":29,"column":19}},"loc":{"start":{"line":29,"column":22},"end":{"line":31,"column":3}},"line":29},"12":{"name":"getAllProperty","decl":{"start":{"line":35,"column":20},"end":{"line":35,"column":34}},"loc":{"start":{"line":35,"column":45},"end":{"line":51,"column":5}},"line":35},"13":{"name":"(anonymous_13)","decl":{"start":{"line":37,"column":61},"end":{"line":37,"column":62}},"loc":{"start":{"line":37,"column":81},"end":{"line":39,"column":9}},"line":37},"14":{"name":"getOneProperty","decl":{"start":{"line":54,"column":20},"end":{"line":54,"column":34}},"loc":{"start":{"line":54,"column":45},"end":{"line":72,"column":5}},"line":54},"15":{"name":"(anonymous_15)","decl":{"start":{"line":57,"column":54},"end":{"line":57,"column":55}},"loc":{"start":{"line":57,"column":74},"end":{"line":59,"column":7}},"line":57},"16":{"name":"(anonymous_16)","decl":{"start":{"line":75,"column":11},"end":{"line":75,"column":12}},"loc":{"start":{"line":75,"column":23},"end":{"line":153,"column":5}},"line":75},"17":{"name":"_callee","decl":{"start":{"line":78,"column":39},"end":{"line":78,"column":46}},"loc":{"start":{"line":78,"column":57},"end":{"line":146,"column":7}},"line":78},"18":{"name":"_callee$","decl":{"start":{"line":80,"column":48},"end":{"line":80,"column":56}},"loc":{"start":{"line":80,"column":67},"end":{"line":145,"column":9}},"line":80},"19":{"name":"(anonymous_19)","decl":{"start":{"line":118,"column":55},"end":{"line":118,"column":56}},"loc":{"start":{"line":118,"column":75},"end":{"line":120,"column":17}},"line":118},"20":{"name":"createProperty","decl":{"start":{"line":148,"column":15},"end":{"line":148,"column":29}},"loc":{"start":{"line":148,"column":39},"end":{"line":150,"column":7}},"line":148},"21":{"name":"(anonymous_21)","decl":{"start":{"line":156,"column":11},"end":{"line":156,"column":12}},"loc":{"start":{"line":156,"column":23},"end":{"line":240,"column":5}},"line":156},"22":{"name":"_callee2","decl":{"start":{"line":159,"column":39},"end":{"line":159,"column":47}},"loc":{"start":{"line":159,"column":58},"end":{"line":233,"column":7}},"line":159},"23":{"name":"_callee2$","decl":{"start":{"line":161,"column":48},"end":{"line":161,"column":57}},"loc":{"start":{"line":161,"column":69},"end":{"line":232,"column":9}},"line":161},"24":{"name":"(anonymous_24)","decl":{"start":{"line":185,"column":43},"end":{"line":185,"column":44}},"loc":{"start":{"line":185,"column":70},"end":{"line":190,"column":17}},"line":185},"25":{"name":"updateProperty","decl":{"start":{"line":235,"column":15},"end":{"line":235,"column":29}},"loc":{"start":{"line":235,"column":40},"end":{"line":237,"column":7}},"line":235},"26":{"name":"soldProperty","decl":{"start":{"line":243,"column":20},"end":{"line":243,"column":32}},"loc":{"start":{"line":243,"column":43},"end":{"line":287,"column":5}},"line":243},"27":{"name":"(anonymous_27)","decl":{"start":{"line":248,"column":33},"end":{"line":248,"column":34}},"loc":{"start":{"line":248,"column":60},"end":{"line":253,"column":7}},"line":248},"28":{"name":"deleteProperty","decl":{"start":{"line":290,"column":20},"end":{"line":290,"column":34}},"loc":{"start":{"line":290,"column":45},"end":{"line":310,"column":5}},"line":290},"29":{"name":"(anonymous_29)","decl":{"start":{"line":293,"column":33},"end":{"line":293,"column":34}},"loc":{"start":{"line":293,"column":60},"end":{"line":304,"column":7}},"line":293}},"branchMap":{"0":{"loc":{"start":{"line":14,"column":46},"end":{"line":14,"column":94}},"type":"cond-expr","locations":[{"start":{"line":14,"column":70},"end":{"line":14,"column":73}},{"start":{"line":14,"column":76},"end":{"line":14,"column":94}}],"line":14},"1":{"loc":{"start":{"line":14,"column":46},"end":{"line":14,"column":67}},"type":"binary-expr","locations":[{"start":{"line":14,"column":46},"end":{"line":14,"column":49}},{"start":{"line":14,"column":53},"end":{"line":14,"column":67}}],"line":14},"2":{"loc":{"start":{"line":16,"column":176},"end":{"line":16,"column":263}},"type":"if","locations":[{"start":{"line":16,"column":176},"end":{"line":16,"column":263}},{"start":{"line":16,"column":176},"end":{"line":16,"column":263}}],"line":16},"3":{"loc":{"start":{"line":20,"column":50},"end":{"line":20,"column":151}},"type":"if","locations":[{"start":{"line":20,"column":50},"end":{"line":20,"column":151}},{"start":{"line":20,"column":50},"end":{"line":20,"column":151}}],"line":20},"4":{"loc":{"start":{"line":22,"column":136},"end":{"line":22,"column":166}},"type":"binary-expr","locations":[{"start":{"line":22,"column":136},"end":{"line":22,"column":157}},{"start":{"line":22,"column":161},"end":{"line":22,"column":166}}],"line":22},"5":{"loc":{"start":{"line":22,"column":200},"end":{"line":22,"column":254}},"type":"if","locations":[{"start":{"line":22,"column":200},"end":{"line":22,"column":254}},{"start":{"line":22,"column":200},"end":{"line":22,"column":254}}],"line":22},"6":{"loc":{"start":{"line":24,"column":62},"end":{"line":24,"column":131}},"type":"if","locations":[{"start":{"line":24,"column":62},"end":{"line":24,"column":131}},{"start":{"line":24,"column":62},"end":{"line":24,"column":131}}],"line":24},"7":{"loc":{"start":{"line":24,"column":132},"end":{"line":24,"column":193}},"type":"if","locations":[{"start":{"line":24,"column":132},"end":{"line":24,"column":193}},{"start":{"line":24,"column":132},"end":{"line":24,"column":193}}],"line":24},"8":{"loc":{"start":{"line":36,"column":6},"end":{"line":45,"column":7}},"type":"if","locations":[{"start":{"line":36,"column":6},"end":{"line":45,"column":7}},{"start":{"line":36,"column":6},"end":{"line":45,"column":7}}],"line":36},"9":{"loc":{"start":{"line":61,"column":6},"end":{"line":66,"column":7}},"type":"if","locations":[{"start":{"line":61,"column":6},"end":{"line":66,"column":7}},{"start":{"line":61,"column":6},"end":{"line":66,"column":7}}],"line":61},"10":{"loc":{"start":{"line":82,"column":12},"end":{"line":143,"column":13}},"type":"switch","locations":[{"start":{"line":83,"column":14},"end":{"line":90,"column":53}},{"start":{"line":92,"column":14},"end":{"line":99,"column":17}},{"start":{"line":101,"column":14},"end":{"line":132,"column":20}},{"start":{"line":134,"column":14},"end":{"line":138,"column":19}},{"start":{"line":140,"column":14},"end":{"line":140,"column":22}},{"start":{"line":141,"column":14},"end":{"line":142,"column":39}}],"line":82},"11":{"loc":{"start":{"line":84,"column":16},"end":{"line":87,"column":17}},"type":"if","locations":[{"start":{"line":84,"column":16},"end":{"line":87,"column":17}},{"start":{"line":84,"column":16},"end":{"line":87,"column":17}}],"line":84},"12":{"loc":{"start":{"line":95,"column":16},"end":{"line":99,"column":17}},"type":"if","locations":[{"start":{"line":95,"column":16},"end":{"line":99,"column":17}},{"start":{"line":95,"column":16},"end":{"line":99,"column":17}}],"line":95},"13":{"loc":{"start":{"line":105,"column":26},"end":{"line":105,"column":56}},"type":"binary-expr","locations":[{"start":{"line":105,"column":26},"end":{"line":105,"column":41}},{"start":{"line":105,"column":45},"end":{"line":105,"column":56}}],"line":105},"14":{"loc":{"start":{"line":122,"column":16},"end":{"line":125,"column":17}},"type":"if","locations":[{"start":{"line":122,"column":16},"end":{"line":125,"column":17}},{"start":{"line":122,"column":16},"end":{"line":125,"column":17}}],"line":122},"15":{"loc":{"start":{"line":163,"column":12},"end":{"line":230,"column":13}},"type":"switch","locations":[{"start":{"line":164,"column":14},"end":{"line":171,"column":53}},{"start":{"line":173,"column":14},"end":{"line":180,"column":17}},{"start":{"line":182,"column":14},"end":{"line":200,"column":20}},{"start":{"line":202,"column":14},"end":{"line":225,"column":20}},{"start":{"line":227,"column":14},"end":{"line":227,"column":22}},{"start":{"line":228,"column":14},"end":{"line":229,"column":40}}],"line":163},"16":{"loc":{"start":{"line":165,"column":16},"end":{"line":168,"column":17}},"type":"if","locations":[{"start":{"line":165,"column":16},"end":{"line":168,"column":17}},{"start":{"line":165,"column":16},"end":{"line":168,"column":17}}],"line":165},"17":{"loc":{"start":{"line":176,"column":16},"end":{"line":180,"column":17}},"type":"if","locations":[{"start":{"line":176,"column":16},"end":{"line":180,"column":17}},{"start":{"line":176,"column":16},"end":{"line":180,"column":17}}],"line":176},"18":{"loc":{"start":{"line":186,"column":18},"end":{"line":189,"column":19}},"type":"if","locations":[{"start":{"line":186,"column":18},"end":{"line":189,"column":19}},{"start":{"line":186,"column":18},"end":{"line":189,"column":19}}],"line":186},"19":{"loc":{"start":{"line":192,"column":16},"end":{"line":195,"column":17}},"type":"if","locations":[{"start":{"line":192,"column":16},"end":{"line":195,"column":17}},{"start":{"line":192,"column":16},"end":{"line":195,"column":17}}],"line":192},"20":{"loc":{"start":{"line":205,"column":25},"end":{"line":205,"column":59}},"type":"binary-expr","locations":[{"start":{"line":205,"column":25},"end":{"line":205,"column":36}},{"start":{"line":205,"column":40},"end":{"line":205,"column":59}}],"line":205},"21":{"loc":{"start":{"line":206,"column":26},"end":{"line":206,"column":65}},"type":"binary-expr","locations":[{"start":{"line":206,"column":26},"end":{"line":206,"column":41}},{"start":{"line":206,"column":45},"end":{"line":206,"column":65}}],"line":206},"22":{"loc":{"start":{"line":207,"column":25},"end":{"line":207,"column":62}},"type":"binary-expr","locations":[{"start":{"line":207,"column":25},"end":{"line":207,"column":39}},{"start":{"line":207,"column":43},"end":{"line":207,"column":62}}],"line":207},"23":{"loc":{"start":{"line":208,"column":25},"end":{"line":208,"column":62}},"type":"binary-expr","locations":[{"start":{"line":208,"column":25},"end":{"line":208,"column":39}},{"start":{"line":208,"column":43},"end":{"line":208,"column":62}}],"line":208},"24":{"loc":{"start":{"line":209,"column":24},"end":{"line":209,"column":59}},"type":"binary-expr","locations":[{"start":{"line":209,"column":24},"end":{"line":209,"column":37}},{"start":{"line":209,"column":41},"end":{"line":209,"column":59}}],"line":209},"25":{"loc":{"start":{"line":210,"column":27},"end":{"line":210,"column":68}},"type":"binary-expr","locations":[{"start":{"line":210,"column":27},"end":{"line":210,"column":43}},{"start":{"line":210,"column":47},"end":{"line":210,"column":68}}],"line":210},"26":{"loc":{"start":{"line":211,"column":24},"end":{"line":211,"column":59}},"type":"binary-expr","locations":[{"start":{"line":211,"column":24},"end":{"line":211,"column":37}},{"start":{"line":211,"column":41},"end":{"line":211,"column":59}}],"line":211},"27":{"loc":{"start":{"line":212,"column":30},"end":{"line":212,"column":77}},"type":"binary-expr","locations":[{"start":{"line":212,"column":30},"end":{"line":212,"column":49}},{"start":{"line":212,"column":53},"end":{"line":212,"column":77}}],"line":212},"28":{"loc":{"start":{"line":213,"column":26},"end":{"line":213,"column":65}},"type":"binary-expr","locations":[{"start":{"line":213,"column":26},"end":{"line":213,"column":41}},{"start":{"line":213,"column":45},"end":{"line":213,"column":65}}],"line":213},"29":{"loc":{"start":{"line":214,"column":31},"end":{"line":214,"column":80}},"type":"binary-expr","locations":[{"start":{"line":214,"column":31},"end":{"line":214,"column":51}},{"start":{"line":214,"column":55},"end":{"line":214,"column":80}}],"line":214},"30":{"loc":{"start":{"line":215,"column":29},"end":{"line":215,"column":64}},"type":"binary-expr","locations":[{"start":{"line":215,"column":29},"end":{"line":215,"column":37}},{"start":{"line":215,"column":41},"end":{"line":215,"column":64}}],"line":215},"31":{"loc":{"start":{"line":216,"column":31},"end":{"line":216,"column":74}},"type":"binary-expr","locations":[{"start":{"line":216,"column":31},"end":{"line":216,"column":45}},{"start":{"line":216,"column":49},"end":{"line":216,"column":74}}],"line":216},"32":{"loc":{"start":{"line":217,"column":38},"end":{"line":217,"column":95}},"type":"binary-expr","locations":[{"start":{"line":217,"column":38},"end":{"line":217,"column":59}},{"start":{"line":217,"column":63},"end":{"line":217,"column":95}}],"line":217},"33":{"loc":{"start":{"line":249,"column":8},"end":{"line":252,"column":9}},"type":"if","locations":[{"start":{"line":249,"column":8},"end":{"line":252,"column":9}},{"start":{"line":249,"column":8},"end":{"line":252,"column":9}}],"line":249},"34":{"loc":{"start":{"line":255,"column":6},"end":{"line":262,"column":7}},"type":"if","locations":[{"start":{"line":255,"column":6},"end":{"line":262,"column":7}},{"start":{"line":255,"column":6},"end":{"line":262,"column":7}}],"line":255},"35":{"loc":{"start":{"line":294,"column":8},"end":{"line":303,"column":9}},"type":"if","locations":[{"start":{"line":294,"column":8},"end":{"line":303,"column":9}},{"start":{"line":294,"column":8},"end":{"line":303,"column":9}}],"line":294}},"s":{"0":1,"1":1,"2":1,"3":1,"4":1,"5":1,"6":6,"7":6,"8":6,"9":0,"10":0,"11":6,"12":3,"13":3,"14":2,"15":3,"16":3,"17":3,"18":3,"19":6,"20":0,"21":3,"22":1,"23":0,"24":1,"25":1,"26":6,"27":6,"28":6,"29":6,"30":6,"31":6,"32":1,"33":1,"34":1,"35":0,"36":1,"37":1,"38":1,"39":1,"40":2,"41":1,"42":2,"43":1,"44":1,"45":2,"46":2,"47":3,"48":2,"49":1,"50":1,"51":1,"52":2,"53":5,"54":6,"55":2,"56":0,"57":0,"58":2,"59":2,"60":2,"61":2,"62":2,"63":0,"64":2,"65":2,"66":2,"67":2,"68":1,"69":1,"70":1,"71":1,"72":1,"73":2,"74":2,"75":1,"76":1,"77":1,"78":3,"79":4,"80":1,"81":0,"82":0,"83":1,"84":1,"85":1,"86":1,"87":1,"88":0,"89":1,"90":1,"91":2,"92":1,"93":1,"94":1,"95":1,"96":1,"97":0,"98":1,"99":1,"100":1,"101":1,"102":1,"103":1,"104":1,"105":1,"106":2,"107":1,"108":1,"109":1,"110":0,"111":1,"112":1,"113":1,"114":2,"115":2,"116":3,"117":1,"118":1,"119":2,"120":1,"121":1,"122":1,"123":1},"f":{"0":1,"1":6,"2":2,"3":3,"4":3,"5":6,"6":0,"7":1,"8":1,"9":1,"10":1,"11":1,"12":2,"13":2,"14":2,"15":3,"16":1,"17":2,"18":5,"19":2,"20":2,"21":1,"22":1,"23":3,"24":2,"25":1,"26":1,"27":2,"28":2,"29":3},"b":{"0":[1,0],"1":[1,1],"2":[3,3],"3":[0,1],"4":[6,6],"5":[6,0],"6":[1,0],"7":[0,1],"8":[1,1],"9":[1,1],"10":[2,2,2,1,1,2],"11":[0,2],"12":[2,0],"13":[2,0],"14":[1,1],"15":[1,1,1,1,0,1],"16":[0,1],"17":[1,0],"18":[1,1],"19":[1,0],"20":[1,0],"21":[1,0],"22":[1,0],"23":[1,0],"24":[1,0],"25":[1,0],"26":[1,0],"27":[1,1],"28":[1,1],"29":[1,1],"30":[1,0],"31":[1,0],"32":[1,0],"33":[1,1],"34":[0,1],"35":[1,2]},"_coverageSchema":"43e27e138ebf9cfc5966b082cf9a028302ed4184","hash":"a3820bf40df11daae127331d16b4b226eafbf45b","contentHash":"cdbb4b494bf22b7a7677d62ab1c8f5c885d14044af011459383fed632b4fff4f"},"C:\\Users\\Mo\\Desktop\\Property Pro Lite\\Property-Pro-Lite\\Server\\src\\models\\db\\propertyDb.js":{"path":"C:\\Users\\Mo\\Desktop\\Property Pro Lite\\Property-Pro-Lite\\Server\\src\\models\\db\\propertyDb.js","statementMap":{"0":{"start":{"line":3,"column":0},"end":{"line":5,"column":3}},"1":{"start":{"line":6,"column":0},"end":{"line":6,"column":28}},"2":{"start":{"line":7,"column":17},"end":{"line":22,"column":2}},"3":{"start":{"line":23,"column":15},"end":{"line":23,"column":25}},"4":{"start":{"line":24,"column":0},"end":{"line":24,"column":30}}},"fnMap":{},"branchMap":{},"s":{"0":1,"1":1,"2":1,"3":1,"4":1},"f":{},"b":{},"_coverageSchema":"43e27e138ebf9cfc5966b082cf9a028302ed4184","hash":"b5eb96fb6c255432bf191713c7abe4b5e6321572","contentHash":"1a20c0113e1ad137d99996a69877a1a122490feccbc7682c518ae1074b7fefa6"},"C:\\Users\\Mo\\Desktop\\Property Pro Lite\\Property-Pro-Lite\\Server\\src\\middleware\\helpers.js":{"path":"C:\\Users\\Mo\\Desktop\\Property Pro Lite\\Property-Pro-Lite\\Server\\src\\middleware\\helpers.js","statementMap":{"0":{"start":{"line":3,"column":0},"end":{"line":5,"column":3}},"1":{"start":{"line":6,"column":0},"end":{"line":6,"column":164}},"2":{"start":{"line":8,"column":20},"end":{"line":8,"column":67}},"3":{"start":{"line":10,"column":14},"end":{"line":10,"column":55}},"4":{"start":{"line":12,"column":14},"end":{"line":12,"column":68}},"5":{"start":{"line":14,"column":39},"end":{"line":14,"column":95}},"6":{"start":{"line":16,"column":0},"end":{"line":16,"column":28}},"7":{"start":{"line":18,"column":15},"end":{"line":24,"column":1}},"8":{"start":{"line":19,"column":2},"end":{"line":21,"column":3}},"9":{"start":{"line":20,"column":4},"end":{"line":20,"column":42}},"10":{"start":{"line":23,"column":2},"end":{"line":23,"column":11}},"11":{"start":{"line":26,"column":0},"end":{"line":26,"column":28}},"12":{"start":{"line":28,"column":14},"end":{"line":30,"column":1}},"13":{"start":{"line":29,"column":2},"end":{"line":29,"column":31}},"14":{"start":{"line":32,"column":0},"end":{"line":32,"column":26}},"15":{"start":{"line":34,"column":23},"end":{"line":50,"column":1}},"16":{"start":{"line":35,"column":14},"end":{"line":35,"column":34}},"17":{"start":{"line":36,"column":14},"end":{"line":36,"column":16}},"18":{"start":{"line":38,"column":2},"end":{"line":49,"column":5}},"19":{"start":{"line":39,"column":4},"end":{"line":39,"column":32}},"20":{"start":{"line":41,"column":4},"end":{"line":46,"column":5}},"21":{"start":{"line":42,"column":6},"end":{"line":42,"column":75}},"22":{"start":{"line":43,"column":6},"end":{"line":45,"column":9}},"23":{"start":{"line":48,"column":4},"end":{"line":48,"column":18}},"24":{"start":{"line":52,"column":0},"end":{"line":52,"column":44}},"25":{"start":{"line":54,"column":20},"end":{"line":59,"column":1}},"26":{"start":{"line":55,"column":2},"end":{"line":58,"column":5}},"27":{"start":{"line":61,"column":0},"end":{"line":61,"column":38}},"28":{"start":{"line":63,"column":16},"end":{"line":68,"column":1}},"29":{"start":{"line":64,"column":2},"end":{"line":67,"column":5}},"30":{"start":{"line":70,"column":0},"end":{"line":70,"column":30}},"31":{"start":{"line":72,"column":16},"end":{"line":78,"column":1}},"32":{"start":{"line":73,"column":2},"end":{"line":77,"column":5}},"33":{"start":{"line":80,"column":0},"end":{"line":80,"column":30}},"34":{"start":{"line":82,"column":25},"end":{"line":108,"column":1}},"35":{"start":{"line":83,"column":16},"end":{"line":87,"column":3}},"36":{"start":{"line":89,"column":2},"end":{"line":107,"column":5}},"37":{"start":{"line":92,"column":4},"end":{"line":106,"column":5}},"38":{"start":{"line":93,"column":6},"end":{"line":97,"column":9}},"39":{"start":{"line":99,"column":6},"end":{"line":105,"column":9}},"40":{"start":{"line":110,"column":0},"end":{"line":110,"column":48}}},"fnMap":{"0":{"name":"_interopRequireDefault","decl":{"start":{"line":14,"column":9},"end":{"line":14,"column":31}},"loc":{"start":{"line":14,"column":37},"end":{"line":14,"column":97}},"line":14},"1":{"name":"getNewId","decl":{"start":{"line":18,"column":24},"end":{"line":18,"column":32}},"loc":{"start":{"line":18,"column":40},"end":{"line":24,"column":1}},"line":18},"2":{"name":"newDate","decl":{"start":{"line":28,"column":23},"end":{"line":28,"column":30}},"loc":{"start":{"line":28,"column":33},"end":{"line":30,"column":1}},"line":28},"3":{"name":"verrifyUserExist","decl":{"start":{"line":34,"column":32},"end":{"line":34,"column":48}},"loc":{"start":{"line":34,"column":65},"end":{"line":50,"column":1}},"line":34},"4":{"name":"(anonymous_4)","decl":{"start":{"line":38,"column":28},"end":{"line":38,"column":29}},"loc":{"start":{"line":38,"column":44},"end":{"line":40,"column":3}},"line":38},"5":{"name":"(anonymous_5)","decl":{"start":{"line":40,"column":10},"end":{"line":40,"column":11}},"loc":{"start":{"line":40,"column":26},"end":{"line":49,"column":3}},"line":40},"6":{"name":"responseError","decl":{"start":{"line":54,"column":29},"end":{"line":54,"column":42}},"loc":{"start":{"line":54,"column":48},"end":{"line":59,"column":1}},"line":54},"7":{"name":"userExist","decl":{"start":{"line":63,"column":25},"end":{"line":63,"column":34}},"loc":{"start":{"line":63,"column":45},"end":{"line":68,"column":1}},"line":63},"8":{"name":"dataError","decl":{"start":{"line":72,"column":25},"end":{"line":72,"column":34}},"loc":{"start":{"line":72,"column":46},"end":{"line":78,"column":1}},"line":72},"9":{"name":"createTokenAndSend","decl":{"start":{"line":82,"column":34},"end":{"line":82,"column":52}},"loc":{"start":{"line":82,"column":76},"end":{"line":108,"column":1}},"line":82},"10":{"name":"(anonymous_10)","decl":{"start":{"line":91,"column":5},"end":{"line":91,"column":6}},"loc":{"start":{"line":91,"column":27},"end":{"line":107,"column":3}},"line":91}},"branchMap":{"0":{"loc":{"start":{"line":14,"column":46},"end":{"line":14,"column":94}},"type":"cond-expr","locations":[{"start":{"line":14,"column":70},"end":{"line":14,"column":73}},{"start":{"line":14,"column":76},"end":{"line":14,"column":94}}],"line":14},"1":{"loc":{"start":{"line":14,"column":46},"end":{"line":14,"column":67}},"type":"binary-expr","locations":[{"start":{"line":14,"column":46},"end":{"line":14,"column":49}},{"start":{"line":14,"column":53},"end":{"line":14,"column":67}}],"line":14},"2":{"loc":{"start":{"line":19,"column":2},"end":{"line":21,"column":3}},"type":"if","locations":[{"start":{"line":19,"column":2},"end":{"line":21,"column":3}},{"start":{"line":19,"column":2},"end":{"line":21,"column":3}}],"line":19},"3":{"loc":{"start":{"line":41,"column":4},"end":{"line":46,"column":5}},"type":"if","locations":[{"start":{"line":41,"column":4},"end":{"line":46,"column":5}},{"start":{"line":41,"column":4},"end":{"line":46,"column":5}}],"line":41},"4":{"loc":{"start":{"line":41,"column":8},"end":{"line":41,"column":31}},"type":"binary-expr","locations":[{"start":{"line":41,"column":8},"end":{"line":41,"column":12}},{"start":{"line":41,"column":16},"end":{"line":41,"column":31}}],"line":41},"5":{"loc":{"start":{"line":92,"column":4},"end":{"line":106,"column":5}},"type":"if","locations":[{"start":{"line":92,"column":4},"end":{"line":106,"column":5}},{"start":{"line":92,"column":4},"end":{"line":106,"column":5}}],"line":92}},"s":{"0":1,"1":1,"2":1,"3":1,"4":1,"5":3,"6":1,"7":1,"8":0,"9":0,"10":0,"11":1,"12":1,"13":2,"14":1,"15":1,"16":0,"17":0,"18":0,"19":0,"20":0,"21":0,"22":0,"23":0,"24":1,"25":1,"26":1,"27":1,"28":1,"29":1,"30":1,"31":1,"32":2,"33":1,"34":1,"35":14,"36":14,"37":14,"38":0,"39":14,"40":1},"f":{"0":3,"1":0,"2":2,"3":0,"4":0,"5":0,"6":1,"7":1,"8":2,"9":14,"10":14},"b":{"0":[1,2],"1":[3,3],"2":[0,0],"3":[0,0],"4":[0,0],"5":[0,14]},"_coverageSchema":"43e27e138ebf9cfc5966b082cf9a028302ed4184","hash":"91da0151e15915a32675ee1bf4b6668e059c2c6e","contentHash":"913c14d1b00f4d83d195ec73ada6441a86c531010c6a9ed42751c7aa77ea40f9"},"C:\\Users\\Mo\\Desktop\\Property Pro Lite\\Property-Pro-Lite\\Server\\src\\models\\db\\userDb.js":{"path":"C:\\Users\\Mo\\Desktop\\Property Pro Lite\\Property-Pro-Lite\\Server\\src\\models\\db\\userDb.js","statementMap":{"0":{"start":{"line":3,"column":0},"end":{"line":5,"column":3}},"1":{"start":{"line":6,"column":0},"end":{"line":6,"column":28}},"2":{"start":{"line":7,"column":12},"end":{"line":16,"column":2}},"3":{"start":{"line":17,"column":15},"end":{"line":17,"column":20}},"4":{"start":{"line":18,"column":0},"end":{"line":18,"column":30}}},"fnMap":{},"branchMap":{},"s":{"0":1,"1":1,"2":1,"3":1,"4":1},"f":{},"b":{},"_coverageSchema":"43e27e138ebf9cfc5966b082cf9a028302ed4184","hash":"0649f01cb59ae8c1b2a2f87761f5b470d2ac7f36","contentHash":"5da0decf4dd555e97b509987f4418473bb43fb8d73d9df395d3f2f5e24ce5fe8"},"C:\\Users\\Mo\\Desktop\\Property Pro Lite\\Property-Pro-Lite\\Server\\src\\api\\routes\\users.js":{"path":"C:\\Users\\Mo\\Desktop\\Property Pro Lite\\Property-Pro-Lite\\Server\\src\\api\\routes\\users.js","statementMap":{"0":{"start":{"line":3,"column":0},"end":{"line":5,"column":3}},"1":{"start":{"line":6,"column":0},"end":{"line":6,"column":28}},"2":{"start":{"line":8,"column":15},"end":{"line":8,"column":57}},"3":{"start":{"line":10,"column":22},"end":{"line":10,"column":89}},"4":{"start":{"line":12,"column":39},"end":{"line":12,"column":95}},"5":{"start":{"line":15,"column":13},"end":{"line":15,"column":41}},"6":{"start":{"line":17,"column":0},"end":{"line":17,"column":54}},"7":{"start":{"line":18,"column":0},"end":{"line":18,"column":62}},"8":{"start":{"line":19,"column":0},"end":{"line":19,"column":61}},"9":{"start":{"line":20,"column":15},"end":{"line":20,"column":21}},"10":{"start":{"line":21,"column":0},"end":{"line":21,"column":30}}},"fnMap":{"0":{"name":"_interopRequireDefault","decl":{"start":{"line":12,"column":9},"end":{"line":12,"column":31}},"loc":{"start":{"line":12,"column":37},"end":{"line":12,"column":97}},"line":12}},"branchMap":{"0":{"loc":{"start":{"line":12,"column":46},"end":{"line":12,"column":94}},"type":"cond-expr","locations":[{"start":{"line":12,"column":70},"end":{"line":12,"column":73}},{"start":{"line":12,"column":76},"end":{"line":12,"column":94}}],"line":12},"1":{"loc":{"start":{"line":12,"column":46},"end":{"line":12,"column":67}},"type":"binary-expr","locations":[{"start":{"line":12,"column":46},"end":{"line":12,"column":49}},{"start":{"line":12,"column":53},"end":{"line":12,"column":67}}],"line":12}},"s":{"0":1,"1":1,"2":1,"3":1,"4":2,"5":1,"6":1,"7":1,"8":1,"9":1,"10":1},"f":{"0":2},"b":{"0":[1,1],"1":[2,2]},"_coverageSchema":"43e27e138ebf9cfc5966b082cf9a028302ed4184","hash":"debc840dc06e8f3eb780d5ec005d396a6fd219df","contentHash":"7a35b1eda122ee725f1b8553a13bc1c6063668f09268a3703e0b551822768645"},"C:\\Users\\Mo\\Desktop\\Property Pro Lite\\Property-Pro-Lite\\Server\\src\\controllers\\usercontroller.js":{"path":"C:\\Users\\Mo\\Desktop\\Property Pro Lite\\Property-Pro-Lite\\Server\\src\\controllers\\usercontroller.js","statementMap":{"0":{"start":{"line":3,"column":0},"end":{"line":5,"column":3}},"1":{"start":{"line":6,"column":0},"end":{"line":6,"column":28}},"2":{"start":{"line":8,"column":16},"end":{"line":8,"column":59}},"3":{"start":{"line":10,"column":19},"end":{"line":10,"column":77}},"4":{"start":{"line":12,"column":14},"end":{"line":12,"column":68}},"5":{"start":{"line":14,"column":15},"end":{"line":14,"column":47}},"6":{"start":{"line":16,"column"
[...]
lumn":45},"end":{"line":163,"column":1}},"line":25},"2":{"name":"(anonymous_2)","decl":{"start":{"line":26,"column":36},"end":{"line":26,"column":37}},"loc":{"start":{"line":26,"column":52},"end":{"line":43,"column":3}},"line":26},"3":{"name":"(anonymous_3)","decl":{"start":{"line":34,"column":12},"end":{"line":34,"column":13}},"loc":{"start":{"line":34,"column":27},"end":{"line":42,"column":5}},"line":34},"4":{"name":"(anonymous_4)","decl":{"start":{"line":44,"column":45},"end":{"line":44,"column":46}},"loc":{"start":{"line":44,"column":61},"end":{"line":60,"column":3}},"line":44},"5":{"name":"(anonymous_5)","decl":{"start":{"line":52,"column":12},"end":{"line":52,"column":13}},"loc":{"start":{"line":52,"column":27},"end":{"line":59,"column":5}},"line":52},"6":{"name":"(anonymous_6)","decl":{"start":{"line":61,"column":69},"end":{"line":61,"column":70}},"loc":{"start":{"line":61,"column":85},"end":{"line":77,"column":3}},"line":61},"7":{"name":"(anonymous_7)","decl":{"start":{"line":69,"column":12},"end":{"line":69,"column":13}},"loc":{"start":{"line":69,"column":27},"end":{"line":76,"column":5}},"line":69},"8":{"name":"(anonymous_8)","decl":{"start":{"line":78,"column":50},"end":{"line":78,"column":51}},"loc":{"start":{"line":78,"column":66},"end":{"line":94,"column":3}},"line":78},"9":{"name":"(anonymous_9)","decl":{"start":{"line":86,"column":12},"end":{"line":86,"column":13}},"loc":{"start":{"line":86,"column":27},"end":{"line":93,"column":5}},"line":86},"10":{"name":"(anonymous_10)","decl":{"start":{"line":95,"column":79},"end":{"line":95,"column":80}},"loc":{"start":{"line":95,"column":95},"end":{"line":111,"column":3}},"line":95},"11":{"name":"(anonymous_11)","decl":{"start":{"line":103,"column":12},"end":{"line":103,"column":13}},"loc":{"start":{"line":103,"column":27},"end":{"line":110,"column":5}},"line":103},"12":{"name":"(anonymous_12)","decl":{"start":{"line":112,"column":49},"end":{"line":112,"column":50}},"loc":{"start":{"line":112,"column":65},"end":{"line":128,"column":3}},"line":112},"13":{"name":"(anonymous_13)","decl":{"start":{"line":120,"column":12},"end":{"line":120,"column":13}},"loc":{"start":{"line":120,"column":27},"end":{"line":127,"column":5}},"line":120},"14":{"name":"(anonymous_14)","decl":{"start":{"line":129,"column":72},"end":{"line":129,"column":73}},"loc":{"start":{"line":129,"column":88},"end":{"line":145,"column":3}},"line":129},"15":{"name":"(anonymous_15)","decl":{"start":{"line":137,"column":12},"end":{"line":137,"column":13}},"loc":{"start":{"line":137,"column":27},"end":{"line":144,"column":5}},"line":137},"16":{"name":"(anonymous_16)","decl":{"start":{"line":146,"column":48},"end":{"line":146,"column":49}},"loc":{"start":{"line":146,"column":64},"end":{"line":162,"column":3}},"line":146},"17":{"name":"(anonymous_17)","decl":{"start":{"line":154,"column":12},"end":{"line":154,"column":13}},"loc":{"start":{"line":154,"column":27},"end":{"line":161,"column":5}},"line":154},"18":{"name":"(anonymous_18)","decl":{"start":{"line":164,"column":36},"end":{"line":164,"column":37}},"loc":{"start":{"line":164,"column":48},"end":{"line":207,"column":1}},"line":164},"19":{"name":"(anonymous_19)","decl":{"start":{"line":165,"column":59},"end":{"line":165,"column":60}},"loc":{"start":{"line":165,"column":75},"end":{"line":178,"column":3}},"line":165},"20":{"name":"(anonymous_20)","decl":{"start":{"line":169,"column":12},"end":{"line":169,"column":13}},"loc":{"start":{"line":169,"column":27},"end":{"line":177,"column":5}},"line":169},"21":{"name":"(anonymous_21)","decl":{"start":{"line":179,"column":69},"end":{"line":179,"column":70}},"loc":{"start":{"line":179,"column":85},"end":{"line":192,"column":3}},"line":179},"22":{"name":"(anonymous_22)","decl":{"start":{"line":183,"column":12},"end":{"line":183,"column":13}},"loc":{"start":{"line":183,"column":27},"end":{"line":191,"column":5}},"line":183},"23":{"name":"(anonymous_23)","decl":{"start":{"line":193,"column":72},"end":{"line":193,"column":73}},"loc":{"start":{"line":193,"column":88},"end":{"line":206,"column":3}},"line":193},"24":{"name":"(anonymous_24)","decl":{"start":{"line":197,"column":12},"end":{"line":197,"column":13}},"loc":{"start":{"line":197,"column":27},"end":{"line":205,"column":5}},"line":197}},"branchMap":{"0":{"loc":{"start":{"line":11,"column":46},"end":{"line":11,"column":94}},"type":"cond-expr","locations":[{"start":{"line":11,"column":70},"end":{"line":11,"column":73}},{"start":{"line":11,"column":76},"end":{"line":11,"column":94}}],"line":11},"1":{"loc":{"start":{"line":11,"column":46},"end":{"line":11,"column":67}},"type":"binary-expr","locations":[{"start":{"line":11,"column":46},"end":{"line":11,"column":49}},{"start":{"line":11,"column":53},"end":{"line":11,"column":67}}],"line":11}},"s":{"0":1,"1":1,"2":1,"3":1,"4":3,"5":1,"6":1,"7":1,"8":1,"9":1,"10":1,"11":1,"12":1,"13":1,"14":1,"15":1,"16":1,"17":1,"18":1,"19":1,"20":1,"21":1,"22":1,"23":1,"24":1,"25":1,"26":1,"27":1,"28":1,"29":1,"30":1,"31":1,"32":1,"33":1,"34":1,"35":1,"36":1,"37":1,"38":1,"39":1,"40":1,"41":1,"42":1,"43":1,"44":1,"45":1,"46":1,"47":1,"48":1,"49":1,"50":1,"51":1,"52":1,"53":1,"54":1,"55":1,"56":1,"57":1,"58":1,"59":1,"60":1,"61":1,"62":1,"63":1,"64":1,"65":1,"66":1,"67":1,"68":1,"69":1,"70":1,"71":1,"72":1,"73":1,"74":1,"75":1,"76":1,"77":1,"78":1,"79":1,"80":1,"81":1,"82":1,"83":1,"84":1,"85":1,"86":1,"87":1,"88":1,"89":1,"90":1,"91":1,"92":1,"93":1,"94":1,"95":1,"96":1,"97":1,"98":1,"99":1,"100":1,"101":1},"f":{"0":3,"1":1,"2":1,"3":1,"4":1,"5":1,"6":1,"7":1,"8":1,"9":1,"10":1,"11":1,"12":1,"13":1,"14":1,"15":1,"16":1,"17":1,"18":1,"19":1,"20":1,"21":1,"22":1,"23":1,"24":1},"b":{"0":[1,2],"1":[3,3]},"_coverageSchema":"43e27e138ebf9cfc5966b082cf9a028302ed4184","hash":"5868263ec322b8f2822842795c0d9ecd0c3f7591","contentHash":"5e1b0add4bb7c142838e5991f7176013bf850df846b227e89d7bc2f85746e14b"},"C:\\Users\\Mo\\Desktop\\Property Pro Lite\\Property-Pro-Lite\\Server\\src\\test\\property.js":{"path":"C:\\Users\\Mo\\Desktop\\Property Pro Lite\\Property-Pro-Lite\\Server\\src\\test\\property.js","statementMap":{"0":{"start":{"line":3,"column":0},"end":{"line":3,"column":25}},"1":{"start":{"line":5,"column":12},"end":{"line":5,"column":51}},"2":{"start":{"line":7,"column":16},"end":{"line":7,"column":60}},"3":{"start":{"line":9,"column":12},"end":{"line":9,"column":51}},"4":{"start":{"line":11,"column":11},"end":{"line":11,"column":52}},"5":{"start":{"line":13,"column":39},"end":{"line":13,"column":95}},"6":{"start":{"line":15,"column":0},"end":{"line":15,"column":43}},"7":{"start":{"line":17,"column":0},"end":{"line":17,"column":26}},"8":{"start":{"line":20,"column":0},"end":{"line":149,"column":3}},"9":{"start":{"line":21,"column":2},"end":{"line":148,"column":5}},"10":{"start":{"line":22,"column":4},"end":{"line":45,"column":7}},"11":{"start":{"line":23,"column":6},"end":{"line":44,"column":9}},"12":{"start":{"line":31,"column":8},"end":{"line":31,"column":27}},"13":{"start":{"line":31,"column":17},"end":{"line":31,"column":27}},"14":{"start":{"line":32,"column":8},"end":{"line":32,"column":36}},"15":{"start":{"line":33,"column":8},"end":{"line":33,"column":40}},"16":{"start":{"line":34,"column":8},"end":{"line":34,"column":52}},"17":{"start":{"line":35,"column":8},"end":{"line":35,"column":45}},"18":{"start":{"line":36,"column":8},"end":{"line":36,"column":55}},"19":{"start":{"line":37,"column":8},"end":{"line":37,"column":60}},"20":{"start":{"line":38,"column":8},"end":{"line":38,"column":59}},"21":{"start":{"line":39,"column":8},"end":{"line":39,"column":50}},"22":{"start":{"line":40,"column":8},"end":{"line":40,"column":50}},"23":{"start":{"line":41,"column":8},"end":{"line":41,"column":52}},"24":{"start":{"line":42,"column":8},"end":{"line":42,"column":40}},"25":{"start":{"line":43,"column":8},"end":{"line":43,"column":15}},"26":{"start":{"line":46,"column":4},"end":{"line":57,"column":7}},"27":{"start":{"line":47,"column":6},"end":{"line":56,"column":9}},"28":{"start":{"line":48,"column":8},"end":{"line":48,"column":36}},"29":{"start":{"line":49,"column":8},"end":{"line":49,"column":40}},"30":{"start":{"line":50,"column":8},"end":{"line":50,"column":53}},"31":{"start":{"line":51,"column":8},"end":{"line":51,"column":46}},"32":{"start":{"line":52,"column":8},"end":{"line":52,"column":46}},"33":{"start":{"line":53,"column":8},"end":{"line":53,"column":45}},"34":{"start":{"line":54,"column":8},"end":{"line":54,"column":100}},"35":{"start":{"line":55,"column":8},"end":{"line":55,"column":15}},"36":{"start":{"line":58,"column":4},"end":{"line":67,"column":7}},"37":{"start":{"line":59,"column":6},"end":{"line":66,"column":9}},"38":{"start":{"line":60,"column":8},"end":{"line":60,"column":36}},"39":{"start":{"line":61,"column":8},"end":{"line":61,"column":40}},"40":{"start":{"line":62,"column":8},"end":{"line":62,"column":53}},"41":{"start":{"line":63,"column":8},"end":{"line":63,"column":46}},"42":{"start":{"line":64,"column":8},"end":{"line":64,"column":46}},"43":{"start":{"line":65,"column":8},"end":{"line":65,"column":15}},"44":{"start":{"line":68,"column":4},"end":{"line":77,"column":7}},"45":{"start":{"line":69,"column":6},"end":{"line":76,"column":9}},"46":{"start":{"line":70,"column":8},"end":{"line":70,"column":36}},"47":{"start":{"line":71,"column":8},"end":{"line":71,"column":40}},"48":{"start":{"line":72,"column":8},"end":{"line":72,"column":53}},"49":{"start":{"line":73,"column":8},"end":{"line":73,"column":46}},"50":{"start":{"line":74,"column":8},"end":{"line":74,"column":46}},"51":{"start":{"line":75,"column":8},"end":{"line":75,"column":15}},"52":{"start":{"line":78,"column":4},"end":{"line":87,"column":7}},"53":{"start":{"line":79,"column":6},"end":{"line":86,"column":9}},"54":{"start":{"line":80,"column":8},"end":{"line":80,"column":36}},"55":{"start":{"line":81,"column":8},"end":{"line":81,"column":40}},"56":{"start":{"line":82,"column":8},"end":{"line":82,"column":53}},"57":{"start":{"line":83,"column":8},"end":{"line":83,"column":46}},"58":{"start":{"line":84,"column":8},"end":{"line":84,"column":46}},"59":{"start":{"line":85,"column":8},"end":{"line":85,"column":15}},"60":{"start":{"line":88,"column":4},"end":{"line":97,"column":7}},"61":{"start":{"line":89,"column":6},"end":{"line":96,"column":9}},"62":{"start":{"line":90,"column":8},"end":{"line":90,"column":36}},"63":{"start":{"line":91,"column":8},"end":{"line":91,"column":40}},"64":{"start":{"line":92,"column":8},"end":{"line":92,"column":53}},"65":{"start":{"line":93,"column":8},"end":{"line":93,"column":46}},"66":{"start":{"line":94,"column":8},"end":{"line":94,"column":46}},"67":{"start":{"line":95,"column":8},"end":{"line":95,"column":15}},"68":{"start":{"line":98,"column":4},"end":{"line":107,"column":7}},"69":{"start":{"line":99,"column":6},"end":{"line":106,"column":9}},"70":{"start":{"line":100,"column":8},"end":{"line":100,"column":36}},"71":{"start":{"line":101,"column":8},"end":{"line":101,"column":40}},"72":{"start":{"line":102,"column":8},"end":{"line":102,"column":53}},"73":{"start":{"line":103,"column":8},"end":{"line":103,"column":46}},"74":{"start":{"line":104,"column":8},"end":{"line":104,"column":46}},"75":{"start":{"line":105,"column":8},"end":{"line":105,"column":15}},"76":{"start":{"line":108,"column":4},"end":{"line":117,"column":7}},"77":{"start":{"line":109,"column":6},"end":{"line":116,"column":9}},"78":{"start":{"line":110,"column":8},"end":{"line":110,"column":36}},"79":{"start":{"line":111,"column":8},"end":{"line":111,"column":40}},"80":{"start":{"line":112,"column":8},"end":{"line":112,"column":53}},"81":{"start":{"line":113,"column":8},"end":{"line":113,"column":46}},"82":{"start":{"line":114,"column":8},"end":{"line":114,"column":46}},"83":{"start":{"line":115,"column":8},"end":{"line":115,"column":15}},"84":{"start":{"line":118,"column":4},"end":{"line":127,"column":7}},"85":{"start":{"line":119,"column":6},"end":{"line":126,"column":9}},"86":{"start":{"line":120,"column":8},"end":{"line":120,"column":36}},"87":{"start":{"line":121,"column":8},"end":{"line":121,"column":40}},"88":{"start":{"line":122,"column":8},"end":{"line":122,"column":53}},"89":{"start":{"line":123,"column":8},"end":{"line":123,"column":46}},"90":{"start":{"line":124,"column":8},"end":{"line":124,"column":46}},"91":{"start":{"line":125,"column":8},"end":{"line":125,"column":15}},"92":{"start":{"line":128,"column":4},"end":{"line":137,"column":7}},"93":{"start":{"line":129,"column":6},"end":{"line":136,"column":9}},"94":{"start":{"line":130,"column":8},"end":{"line":130,"column":36}},"95":{"start":{"line":131,"column":8},"end":{"line":131,"column":40}},"96":{"start":{"line":132,"column":8},"end":{"line":132,"column":53}},"97":{"start":{"line":133,"column":8},"end":{"line":133,"column":46}},"98":{"start":{"line":134,"column":8},"end":{"line":134,"column":46}},"99":{"start":{"line":135,"column":8},"end":{"line":135,"column":15}},"100":{"start":{"line":138,"column":4},"end":{"line":147,"column":7}},"101":{"start":{"line":139,"column":6},"end":{"line":146,"column":9}},"102":{"start":{"line":140,"column":8},"end":{"line":140,"column":36}},"103":{"start":{"line":141,"column":8},"end":{"line":141,"column":40}},"104":{"start":{"line":142,"column":8},"end":{"line":142,"column":53}},"105":{"start":{"line":143,"column":8},"end":{"line":143,"column":46}},"106":{"start":{"line":144,"column":8},"end":{"line":144,"column":46}},"107":{"start":{"line":145,"column":8},"end":{"line":145,"column":15}}},"fnMap":{"0":{"name":"_interopRequireDefault","decl":{"start":{"line":13,"column":9},"end":{"line":13,"column":31}},"loc":{"start":{"line":13,"column":37},"end":{"line":13,"column":97}},"line":13},"1":{"name":"(anonymous_1)","decl":{"start":{"line":20,"column":32},"end":{"line":20,"column":33}},"loc":{"start":{"line":20,"column":44},"end":{"line":149,"column":1}},"line":20},"2":{"name":"(anonymous_2)","decl":{"start":{"line":21,"column":19},"end":{"line":21,"column":20}},"loc":{"start":{"line":21,"column":31},"end":{"line":148,"column":3}},"line":21},"3":{"name":"(anonymous_3)","decl":{"start":{"line":22,"column":70},"end":{"line":22,"column":71}},"loc":{"start":{"line":22,"column":86},"end":{"line":45,"column":5}},"line":22},"4":{"name":"(anonymous_4)","decl":{"start":{"line":30,"column":13},"end":{"line":30,"column":14}},"loc":{"start":{"line":30,"column":33},"end":{"line":44,"column":7}},"line":30},"5":{"name":"(anonymous_5)","decl":{"start":{"line":46,"column":42},"end":{"line":46,"column":43}},"loc":{"start":{"line":46,"column":58},"end":{"line":57,"column":5}},"line":46},"6":{"name":"(anonymous_6)","decl":{"start":{"line":47,"column":395},"end":{"line":47,"column":396}},"loc":{"start":{"line":47,"column":410},"end":{"line":56,"column":7}},"line":47},"7":{"name":"(anonymous_7)","decl":{"start":{"line":58,"column":54},"end":{"line":58,"column":55}},"loc":{"start":{"line":58,"column":70},"end":{"line":67,"column":5}},"line":58},"8":{"name":"(anonymous_8)","decl":{"start":{"line":59,"column":390},"end":{"line":59,"column":391}},"loc":{"start":{"line":59,"column":405},"end":{"line":66,"column":7}},"line":59},"9":{"name":"(anonymous_9)","decl":{"start":{"line":68,"column":47},"end":{"line":68,"column":48}},"loc":{"start":{"line":68,"column":63},"end":{"line":77,"column":5}},"line":68},"10":{"name":"(anonymous_10)","decl":{"start":{"line":69,"column":403},"end":{"line":69,"column":404}},"loc":{"start":{"line":69,"column":418},"end":{"line":76,"column":7}},"line":69},"11":{"name":"(anonymous_11)","decl":{"start":{"line":78,"column":38},"end":{"line":78,"column":39}},"loc":{"start":{"line":78,"column":54},"end":{"line":87,"column":5}},"line":78},"12":{"name":"(anonymous_12)","decl":{"start":{"line":79,"column":395},"end":{"line":79,"column":396}},"loc":{"start":{"line":79,"column":410},"end":{"line":86,"column":7}},"line":79},"13":{"name":"(anonymous_13)","decl":{"start":{"line":88,"column":37},"end":{"line":88,"column":38}},"loc":{"start":{"line":88,"column":53},"end":{"line":97,"column":5}},"line":88},"14":{"name":"(anonymous_14)","decl":{"start":{"line":89,"column":404},"end":{"line":89,"column":405}},"loc":{"start":{"line":89,"column":419},"end":{"line":96,"column":7}},"line":89},"15":{"name":"(anonymous_15)","decl":{"start":{"line":98,"column":40},"end":{"line":98,"column":41}},"loc":{"start":{"line":98,"column":56},"end":{"line":107,"column":5}},"line":98},"16":{"name":"(anonymous_16)","decl":{"start":{"line":99,"column":371},"end":{"line":99,"column":372}},"loc":{"start":{"line":99,"column":386},"end":{"line":106,"column":7}},"line":99},"17":{"name":"(anonymous_17)","decl":{"start":{"line":108,"column":58},"end":{"line":108,"column":59}},"loc":{"start":{"line":108,"column":74},"end":{"line":117,"column":5}},"line":108},"18":{"name":"(anonymous_18)","decl":{"start":{"line":109,"column":371},"end":{"line":109,"column":372}},"loc":{"start":{"line":109,"column":386},"end":{"line":116,"column":7}},"line":109},"19":{"name":"(anonymous_19)","decl":{"start":{"line":118,"column":37},"end":{"line":118,"column":38}},"loc":{"start":{"line":118,"column":53},"end":{"line":127,"column":5}},"line":118},"20":{"name":"(anonymous_20)","decl":{"start":{"line":119,"column":405},"end":{"line":119,"column":406}},"loc":{"start":{"line":119,"column":420},"end":{"line":126,"column":7}},"line":119},"21":{"name":"(anonymous_21)","decl":{"start":{"line":128,"column":42},"end":{"line":128,"column":43}},"loc":{"start":{"line":128,"column":58},"end":{"line":137,"column":5}},"line":128},"22":{"name":"(anonymous_22)","decl":{"start":{"line":129,"column":399},"end":{"line":129,"column":400}},"loc":{"start":{"line":129,"column":414},"end":{"line":136,"column":7}},"line":129},"23":{"name":"(anonymous_23)","decl":{"start":{"line":138,"column":45},"end":{"line":138,"column":46}},"loc":{"start":{"line":138,"column":61},"end":{"line":147,"column":5}},"line":138},"24":{"name":"(anonymous_24)","decl":{"start":{"line":139,"column":400},"end":{"line":139,"column":401}},"loc":{"start":{"line":139,"column":415},"end":{"line":146,"column":7}},"line":139}},"branchMap":{"0":{"loc":{"start":{"line":13,"column":46},"end":{"line":13,"column":94}},"type":"cond-expr","locations":[{"start":{"line":13,"column":70},"end":{"line":13,"column":73}},{"start":{"line":13,"column":76},"end":{"line":13,"column":94}}],"line":13},"1":{"loc":{"start":{"line":13,"column":46},"end":{"line":13,"column":67}},"type":"binary-expr","locations":[{"start":{"line":13,"column":46},"end":{"line":13,"column":49}},{"start":{"line":13,"column":53},"end":{"line":13,"column":67}}],"line":13},"2":{"loc":{"start":{"line":31,"column":8},"end":{"line":31,"column":27}},"type":"if","locations":[{"start":{"line":31,"column":8},"end":{"line":31,"column":27}},{"start":{"line":31,"column":8},"end":{"line":31,"column":27}}],"line":31}},"s":{"0":1,"1":1,"2":1,"3":1,"4":1,"5":4,"6":1,"7":1,"8":1,"9":1,"10":1,"11":1,"12":1,"13":0,"14":1,"15":1,"16":1,"17":1,"18":1,"19":1,"20":1,"21":1,"22":1,"23":1,"24":1,"25":1,"26":1,"27":1,"28":1,"29":1,"30":1,"31":1,"32":1,"33":1,"34":1,"35":1,"36":1,"37":1,"38":1,"39":1,"40":1,"41":1,"42":1,"43":1,"44":1,"45":1,"46":1,"47":1,"48":1,"49":1,"50":1,"51":1,"52":1,"53":1,"54":1,"55":1,"56":1,"57":1,"58":1,"59":1,"60":1,"61":1,"62":1,"63":1,"64":1,"65":1,"66":1,"67":1,"68":1,"69":1,"70":1,"71":1,"72":1,"73":1,"74":1,"75":1,"76":1,"77":1,"78":1,"79":1,"80":1,"81":1,"82":1,"83":1,"84":1,"85":1,"86":1,"87":1,"88":1,"89":1,"90":1,"91":1,"92":1,"93":1,"94":1,"95":1,"96":1,"97":1,"98":1,"99":1,"100":1,"101":1,"102":1,"103":1,"104":1,"105":1,"106":1,"107":1},"f":{"0":4,"1":1,"2":1,"3":1,"4":1,"5":1,"6":1,"7":1,"8":1,"9":1,"10":1,"11":1,"12":1,"13":1,"14":1,"15":1,"16":1,"17":1,"18":1,"19":1,"20":1,"21":1,"22":1,"23":1,"24":1},"b":{"0":[1,3],"1":[4,4],"2":[0,1]},"_coverageSchema":"43e27e138ebf9cfc5966b082cf9a028302ed4184","hash":"ce32b1852ff43baac2e8a811587fe25180d4309a","contentHash":"06003960c97b23cd277935c357ba3be310917a4abeb572084b554727468ea569"}}